๏ปฟ[ERROR] COMPILATION ERROR : 
[ERROR] /C:/Users/33328/Desktop/สตัต๏ฟฝ๏ฟฝ๏ฟฝ๏ฟฝ/24๏ฟฝ๏ฟฝสตัตาช๏ฟฝ๏ฟฝ/Program/NursingTraining-backend/src/main/java/org/example/nursingtrainingbackend/common/page/PageResult.java:[6,8] ๏ฟฝ๏ฟฝาชclass, interface๏ฟฝ๏ฟฝenum
[ERROR] /C:/Users/33328/Desktop/สตัต๏ฟฝ๏ฟฝ๏ฟฝ๏ฟฝ/24๏ฟฝ๏ฟฝสตัตาช๏ฟฝ๏ฟฝ/Program/NursingTraining-backend/src/main/java/org/example/nursingtrainingbackend/common/page/PageResult.java:[7,19] ๏ฟฝ๏ฟฝาชclass, interface๏ฟฝ๏ฟฝenum
[ERROR] /C:/Users/33328/Desktop/สตัต๏ฟฝ๏ฟฝ๏ฟฝ๏ฟฝ/24๏ฟฝ๏ฟฝสตัตาช๏ฟฝ๏ฟฝ/Program/NursingTraining-backend/src/main/java/org/example/nursingtrainingbackend/common/page/PageResult.java:[9,5] ๏ฟฝ๏ฟฝาชclass, interface๏ฟฝ๏ฟฝenum
[ERROR] /C:/Users/33328/Desktop/สตัต๏ฟฝ๏ฟฝ๏ฟฝ๏ฟฝ/24๏ฟฝ๏ฟฝสตัตาช๏ฟฝ๏ฟฝ/Program/NursingTraining-backend/src/main/java/org/example/nursingtrainingbackend/common/result/Result.java:[6,8] ๏ฟฝ๏ฟฝาชclass, interface๏ฟฝ๏ฟฝenum
[ERROR] /C:/Users/33328/Desktop/สตัต๏ฟฝ๏ฟฝ๏ฟฝ๏ฟฝ/24๏ฟฝ๏ฟฝสตัตาช๏ฟฝ๏ฟฝ/Program/NursingTraining-backend/src/main/java/org/example/nursingtrainingbackend/common/result/Result.java:[11,9] ๏ฟฝ๏ฟฝาชclass, interface๏ฟฝ๏ฟฝenum
[ERROR] /C:/Users/33328/Desktop/สตัต๏ฟฝ๏ฟฝ๏ฟฝ๏ฟฝ/24๏ฟฝ๏ฟฝสตัตาช๏ฟฝ๏ฟฝ/Program/NursingTraining-backend/src/main/java/org/example/nursingtrainingbackend/common/result/Result.java:[13,19] ๏ฟฝ๏ฟฝาชclass, interface๏ฟฝ๏ฟฝenum
[ERROR] /C:/Users/33328/Desktop/สตัต๏ฟฝ๏ฟฝ๏ฟฝ๏ฟฝ/24๏ฟฝ๏ฟฝสตัตาช๏ฟฝ๏ฟฝ/Program/NursingTraining-backend/src/main/java/org/example/nursingtrainingbackend/common/result/Result.java:[15,5] ๏ฟฝ๏ฟฝาชclass, interface๏ฟฝ๏ฟฝenum
[ERROR] /C:/Users/33328/Desktop/สตัต๏ฟฝ๏ฟฝ๏ฟฝ๏ฟฝ/24๏ฟฝ๏ฟฝสตัตาช๏ฟฝ๏ฟฝ/Program/NursingTraining-backend/src/main/java/org/example/nursingtrainingbackend/common/result/Result.java:[17,19] ๏ฟฝ๏ฟฝาชclass, interface๏ฟฝ๏ฟฝenum
[ERROR] /C:/Users/33328/Desktop/สตัต๏ฟฝ๏ฟฝ๏ฟฝ๏ฟฝ/24๏ฟฝ๏ฟฝสตัตาช๏ฟฝ๏ฟฝ/Program/NursingTraining-backend/src/main/java/org/example/nursingtrainingbackend/common/result/Result.java:[19,5] ๏ฟฝ๏ฟฝาชclass, interface๏ฟฝ๏ฟฝenum
[ERROR] /C:/Users/33328/Desktop/สตัต๏ฟฝ๏ฟฝ๏ฟฝ๏ฟฝ/24๏ฟฝ๏ฟฝสตัตาช๏ฟฝ๏ฟฝ/Program/NursingTraining-backend/src/main/java/org/example/nursingtrainingbackend/common/result/Result.java:[21,19] ๏ฟฝ๏ฟฝาชclass, interface๏ฟฝ๏ฟฝenum
[ERROR] /C:/Users/33328/Desktop/สตัต๏ฟฝ๏ฟฝ๏ฟฝ๏ฟฝ/24๏ฟฝ๏ฟฝสตัตาช๏ฟฝ๏ฟฝ/Program/NursingTraining-backend/src/main/java/org/example/nursingtrainingbackend/common/result/Result.java:[23,5] ๏ฟฝ๏ฟฝาชclass, interface๏ฟฝ๏ฟฝenum
[ERROR] /C:/Users/33328/Desktop/สตัต๏ฟฝ๏ฟฝ๏ฟฝ๏ฟฝ/24๏ฟฝ๏ฟฝสตัตาช๏ฟฝ๏ฟฝ/Program/NursingTraining-backend/src/main/java/org/example/nursingtrainingbackend/common/result/Result.java:[25,19] ๏ฟฝ๏ฟฝาชclass, interface๏ฟฝ๏ฟฝenum
[ERROR] /C:/Users/33328/Desktop/สตัต๏ฟฝ๏ฟฝ๏ฟฝ๏ฟฝ/24๏ฟฝ๏ฟฝสตัตาช๏ฟฝ๏ฟฝ/Program/NursingTraining-backend/src/main/java/org/example/nursingtrainingbackend/common/result/Result.java:[27,5] ๏ฟฝ๏ฟฝาชclass, interface๏ฟฝ๏ฟฝenum
[ERROR] /C:/Users/33328/Desktop/สตัต๏ฟฝ๏ฟฝ๏ฟฝ๏ฟฝ/24๏ฟฝ๏ฟฝสตัตาช๏ฟฝ๏ฟฝ/Program/NursingTraining-backend/src/main/java/org/example/nursingtrainingbackend/config/properties/ArticleAttachmentProperties.java:[10,8] ๏ฟฝ๏ฟฝาชclass, interface๏ฟฝ๏ฟฝenum
[ERROR] /C:/Users/33328/Desktop/สตัต๏ฟฝ๏ฟฝ๏ฟฝ๏ฟฝ/24๏ฟฝ๏ฟฝสตัตาช๏ฟฝ๏ฟฝ/Program/NursingTraining-backend/src/main/java/org/example/nursingtrainingbackend/config/properties/ArticleAttachmentProperties.java:[31,12] ๏ฟฝ๏ฟฝาชclass, interface๏ฟฝ๏ฟฝenum
[ERROR] /C:/Users/33328/Desktop/สตัต๏ฟฝ๏ฟฝ๏ฟฝ๏ฟฝ/24๏ฟฝ๏ฟฝสตัตาช๏ฟฝ๏ฟฝ/Program/NursingTraining-backend/src/main/java/org/example/nursingtrainingbackend/config/properties/ArticleAttachmentProperties.java:[33,9] ๏ฟฝ๏ฟฝาชclass, interface๏ฟฝ๏ฟฝenum
[ERROR] /C:/Users/33328/Desktop/สตัต๏ฟฝ๏ฟฝ๏ฟฝ๏ฟฝ/24๏ฟฝ๏ฟฝสตัตาช๏ฟฝ๏ฟฝ/Program/NursingTraining-backend/src/main/java/org/example/nursingtrainingbackend/config/properties/ArticleAttachmentProperties.java:[34,9] ๏ฟฝ๏ฟฝาชclass, interface๏ฟฝ๏ฟฝenum
[ERROR] /C:/Users/33328/Desktop/สตัต๏ฟฝ๏ฟฝ๏ฟฝ๏ฟฝ/24๏ฟฝ๏ฟฝสตัตาช๏ฟฝ๏ฟฝ/Program/NursingTraining-backend/src/main/java/org/example/nursingtrainingbackend/config/properties/ArticleAttachmentProperties.java:[35,9] ๏ฟฝ๏ฟฝาชclass, interface๏ฟฝ๏ฟฝenum
[ERROR] /C:/Users/33328/Desktop/สตัต๏ฟฝ๏ฟฝ๏ฟฝ๏ฟฝ/24๏ฟฝ๏ฟฝสตัตาช๏ฟฝ๏ฟฝ/Program/NursingTraining-backend/src/main/java/org/example/nursingtrainingbackend/config/properties/ArticleAttachmentProperties.java:[40,5] ๏ฟฝ๏ฟฝาชclass, interface๏ฟฝ๏ฟฝenum
[ERROR] /C:/Users/33328/Desktop/สตัต๏ฟฝ๏ฟฝ๏ฟฝ๏ฟฝ/24๏ฟฝ๏ฟฝสตัตาช๏ฟฝ๏ฟฝ/Program/NursingTraining-backend/src/main/java/org/example/nursingtrainingbackend/config/properties/CorsProperties.java:[7,8] ๏ฟฝ๏ฟฝาชclass, interface๏ฟฝ๏ฟฝenum
[ERROR] /C:/Users/33328/Desktop/สตัต๏ฟฝ๏ฟฝ๏ฟฝ๏ฟฝ/24๏ฟฝ๏ฟฝสตัตาช๏ฟฝ๏ฟฝ/Program/NursingTraining-backend/src/main/java/org/example/nursingtrainingbackend/config/properties/JwtProperties.java:[7,8] ๏ฟฝ๏ฟฝาชclass, interface๏ฟฝ๏ฟฝenum
[ERROR] /C:/Users/33328/Desktop/สตัต๏ฟฝ๏ฟฝ๏ฟฝ๏ฟฝ/24๏ฟฝ๏ฟฝสตัตาช๏ฟฝ๏ฟฝ/Program/NursingTraining-backend/src/main/java/org/example/nursingtrainingbackend/config/properties/UploadProperties.java:[7,8] ๏ฟฝ๏ฟฝาชclass, interface๏ฟฝ๏ฟฝenum
[ERROR] /C:/Users/33328/Desktop/สตัต๏ฟฝ๏ฟฝ๏ฟฝ๏ฟฝ/24๏ฟฝ๏ฟฝสตัตาช๏ฟฝ๏ฟฝ/Program/NursingTraining-backend/src/main/java/org/example/nursingtrainingbackend/modules/auth/dto/LoginRequest.java:[6,8] ๏ฟฝ๏ฟฝาชclass, interface๏ฟฝ๏ฟฝenum
[ERROR] /C:/Users/33328/Desktop/สตัต๏ฟฝ๏ฟฝ๏ฟฝ๏ฟฝ/24๏ฟฝ๏ฟฝสตัตาช๏ฟฝ๏ฟฝ/Program/NursingTraining-backend/src/main/java/org/example/nursingtrainingbackend/modules/auth/dto/LoginRequest.java:[6,54] ๏ฟฝ๏ฟฝาชclass, interface๏ฟฝ๏ฟฝenum
[ERROR] /C:/Users/33328/Desktop/สตัต๏ฟฝ๏ฟฝ๏ฟฝ๏ฟฝ/24๏ฟฝ๏ฟฝสตัตาช๏ฟฝ๏ฟฝ/Program/NursingTraining-backend/src/main/java/org/example/nursingtrainingbackend/modules/auth/dto/LoginRequest.java:[7,55] ๏ฟฝ๏ฟฝาชclass, interface๏ฟฝ๏ฟฝenum
[ERROR] /C:/Users/33328/Desktop/สตัต๏ฟฝ๏ฟฝ๏ฟฝ๏ฟฝ/24๏ฟฝ๏ฟฝสตัตาช๏ฟฝ๏ฟฝ/Program/NursingTraining-backend/src/main/java/org/example/nursingtrainingbackend/modules/auth/dto/RegisterRequest.java:[7,8] ๏ฟฝ๏ฟฝาชclass, interface๏ฟฝ๏ฟฝenum
[ERROR] /C:/Users/33328/Desktop/สตัต๏ฟฝ๏ฟฝ๏ฟฝ๏ฟฝ/24๏ฟฝ๏ฟฝสตัตาช๏ฟฝ๏ฟฝ/Program/NursingTraining-backend/src/main/java/org/example/nursingtrainingbackend/modules/auth/dto/RegisterRequest.java:[8,35] ๏ฟฝ๏ฟฝาชclass, interface๏ฟฝ๏ฟฝenum
[ERROR] /C:/Users/33328/Desktop/สตัต๏ฟฝ๏ฟฝ๏ฟฝ๏ฟฝ/24๏ฟฝ๏ฟฝสตัตาช๏ฟฝ๏ฟฝ/Program/NursingTraining-backend/src/main/java/org/example/nursingtrainingbackend/modules/auth/dto/RegisterRequest.java:[9,36] ๏ฟฝ๏ฟฝาชclass, interface๏ฟฝ๏ฟฝenum
[ERROR] /C:/Users/33328/Desktop/สตัต๏ฟฝ๏ฟฝ๏ฟฝ๏ฟฝ/24๏ฟฝ๏ฟฝสตัตาช๏ฟฝ๏ฟฝ/Program/NursingTraining-backend/src/main/java/org/example/nursingtrainingbackend/modules/auth/dto/RegisterRequest.java:[10,35] ๏ฟฝ๏ฟฝาชclass, interface๏ฟฝ๏ฟฝenum
[ERROR] /C:/Users/33328/Desktop/สตัต๏ฟฝ๏ฟฝ๏ฟฝ๏ฟฝ/24๏ฟฝ๏ฟฝสตัตาช๏ฟฝ๏ฟฝ/Program/NursingTraining-backend/src/main/java/org/example/nursingtrainingbackend/modules/auth/dto/RegisterRequest.java:[11,18] ๏ฟฝ๏ฟฝาชclass, interface๏ฟฝ๏ฟฝenum
[ERROR] /C:/Users/33328/Desktop/สตัต๏ฟฝ๏ฟฝ๏ฟฝ๏ฟฝ/24๏ฟฝ๏ฟฝสตัตาช๏ฟฝ๏ฟฝ/Program/NursingTraining-backend/src/main/java/org/example/nursingtrainingbackend/modules/auth/dto/RegisterRequest.java:[12,18] ๏ฟฝ๏ฟฝาชclass, interface๏ฟฝ๏ฟฝenum
[ERROR] /C:/Users/33328/Desktop/สตัต๏ฟฝ๏ฟฝ๏ฟฝ๏ฟฝ/24๏ฟฝ๏ฟฝสตัตาช๏ฟฝ๏ฟฝ/Program/NursingTraining-backend/src/main/java/org/example/nursingtrainingbackend/modules/auth/vo/LoginResponse.java:[3,8] ๏ฟฝ๏ฟฝาชclass, interface๏ฟฝ๏ฟฝenum
[ERROR] /C:/Users/33328/Desktop/สตัต๏ฟฝ๏ฟฝ๏ฟฝ๏ฟฝ/24๏ฟฝ๏ฟฝสตัตาช๏ฟฝ๏ฟฝ/Program/NursingTraining-backend/src/main/java/org/example/nursingtrainingbackend/modules/auth/vo/UserInfo.java:[5,8] ๏ฟฝ๏ฟฝาชclass, interface๏ฟฝ๏ฟฝenum
[ERROR] /C:/Users/33328/Desktop/สตัต๏ฟฝ๏ฟฝ๏ฟฝ๏ฟฝ/24๏ฟฝ๏ฟฝสตัตาช๏ฟฝ๏ฟฝ/Program/NursingTraining-backend/src/main/java/org/example/nursingtrainingbackend/modules/auth/vo/UserInfo.java:[6,19] ๏ฟฝ๏ฟฝาชclass, interface๏ฟฝ๏ฟฝenum
[ERROR] /C:/Users/33328/Desktop/สตัต๏ฟฝ๏ฟฝ๏ฟฝ๏ฟฝ/24๏ฟฝ๏ฟฝสตัตาช๏ฟฝ๏ฟฝ/Program/NursingTraining-backend/src/main/java/org/example/nursingtrainingbackend/modules/auth/vo/UserInfo.java:[8,5] ๏ฟฝ๏ฟฝาชclass, interface๏ฟฝ๏ฟฝenum
[ERROR] /C:/Users/33328/Desktop/สตัต๏ฟฝ๏ฟฝ๏ฟฝ๏ฟฝ/24๏ฟฝ๏ฟฝสตัตาช๏ฟฝ๏ฟฝ/Program/NursingTraining-backend/src/main/java/org/example/nursingtrainingbackend/modules/category/dto/BatchDeleteRequest.java:[8,8] ๏ฟฝ๏ฟฝาชclass, interface๏ฟฝ๏ฟฝenum
[ERROR] /C:/Users/33328/Desktop/สตัต๏ฟฝ๏ฟฝ๏ฟฝ๏ฟฝ/24๏ฟฝ๏ฟฝสตัตาช๏ฟฝ๏ฟฝ/Program/NursingTraining-backend/src/main/java/org/example/nursingtrainingbackend/modules/category/dto/BatchDeleteRequest.java:[9,36] ๏ฟฝ๏ฟฝาชclass, interface๏ฟฝ๏ฟฝenum
[ERROR] /C:/Users/33328/Desktop/สตัต๏ฟฝ๏ฟฝ๏ฟฝ๏ฟฝ/24๏ฟฝ๏ฟฝสตัตาช๏ฟฝ๏ฟฝ/Program/NursingTraining-backend/src/main/java/org/example/nursingtrainingbackend/modules/category/dto/CategoryCoursesBindRequest.java:[7,8] ๏ฟฝ๏ฟฝาชclass, interface๏ฟฝ๏ฟฝenum
[ERROR] /C:/Users/33328/Desktop/สตัต๏ฟฝ๏ฟฝ๏ฟฝ๏ฟฝ/24๏ฟฝ๏ฟฝสตัตาช๏ฟฝ๏ฟฝ/Program/NursingTraining-backend/src/main/java/org/example/nursingtrainingbackend/modules/category/dto/CategoryCoursesBindRequest.java:[9,9] ๏ฟฝ๏ฟฝาชclass, interface๏ฟฝ๏ฟฝenum
[ERROR] /C:/Users/33328/Desktop/สตัต๏ฟฝ๏ฟฝ๏ฟฝ๏ฟฝ/24๏ฟฝ๏ฟฝสตัตาช๏ฟฝ๏ฟฝ/Program/NursingTraining-backend/src/main/java/org/example/nursingtrainingbackend/modules/category/dto/CategoryCreateRequest.java:[7,8] ๏ฟฝ๏ฟฝาชclass, interface๏ฟฝ๏ฟฝenum
[ERROR] /C:/Users/33328/Desktop/สตัต๏ฟฝ๏ฟฝ๏ฟฝ๏ฟฝ/24๏ฟฝ๏ฟฝสตัตาช๏ฟฝ๏ฟฝ/Program/NursingTraining-backend/src/main/java/org/example/nursingtrainingbackend/modules/category/dto/CategoryCreateRequest.java:[8,36] ๏ฟฝ๏ฟฝาชclass, interface๏ฟฝ๏ฟฝenum
[ERROR] /C:/Users/33328/Desktop/สตัต๏ฟฝ๏ฟฝ๏ฟฝ๏ฟฝ/24๏ฟฝ๏ฟฝสตัตาช๏ฟฝ๏ฟฝ/Program/NursingTraining-backend/src/main/java/org/example/nursingtrainingbackend/modules/category/dto/CategoryCreateRequest.java:[10,26] ๏ฟฝ๏ฟฝาชclass, interface๏ฟฝ๏ฟฝenum
[ERROR] /C:/Users/33328/Desktop/สตัต๏ฟฝ๏ฟฝ๏ฟฝ๏ฟฝ/24๏ฟฝ๏ฟฝสตัตาช๏ฟฝ๏ฟฝ/Program/NursingTraining-backend/src/main/java/org/example/nursingtrainingbackend/modules/category/dto/CategoryEditRequest.java:[7,8] ๏ฟฝ๏ฟฝาชclass, interface๏ฟฝ๏ฟฝenum
[ERROR] /C:/Users/33328/Desktop/สตัต๏ฟฝ๏ฟฝ๏ฟฝ๏ฟฝ/24๏ฟฝ๏ฟฝสตัตาช๏ฟฝ๏ฟฝ/Program/NursingTraining-backend/src/main/java/org/example/nursingtrainingbackend/modules/category/dto/CategoryEditRequest.java:[8,36] ๏ฟฝ๏ฟฝาชclass, interface๏ฟฝ๏ฟฝenum
[ERROR] /C:/Users/33328/Desktop/สตัต๏ฟฝ๏ฟฝ๏ฟฝ๏ฟฝ/24๏ฟฝ๏ฟฝสตัตาช๏ฟฝ๏ฟฝ/Program/NursingTraining-backend/src/main/java/org/example/nursingtrainingbackend/modules/category/dto/CategoryEditRequest.java:[9,18] ๏ฟฝ๏ฟฝาชclass, interface๏ฟฝ๏ฟฝenum
[ERROR] /C:/Users/33328/Desktop/สตัต๏ฟฝ๏ฟฝ๏ฟฝ๏ฟฝ/24๏ฟฝ๏ฟฝสตัตาช๏ฟฝ๏ฟฝ/Program/NursingTraining-backend/src/main/java/org/example/nursingtrainingbackend/modules/category/dto/CategoryEditRequest.java:[10,26] ๏ฟฝ๏ฟฝาชclass, interface๏ฟฝ๏ฟฝenum
[ERROR] /C:/Users/33328/Desktop/สตัต๏ฟฝ๏ฟฝ๏ฟฝ๏ฟฝ/24๏ฟฝ๏ฟฝสตัตาช๏ฟฝ๏ฟฝ/Program/NursingTraining-backend/src/main/java/org/example/nursingtrainingbackend/modules/category/dto/CategoryEditRequest.java:[11,18] ๏ฟฝ๏ฟฝาชclass, interface๏ฟฝ๏ฟฝenum
[ERROR] /C:/Users/33328/Desktop/สตัต๏ฟฝ๏ฟฝ๏ฟฝ๏ฟฝ/24๏ฟฝ๏ฟฝสตัตาช๏ฟฝ๏ฟฝ/Program/NursingTraining-backend/src/main/java/org/example/nursingtrainingbackend/modules/category/dto/CategoryStatusRequest.java:[5,8] ๏ฟฝ๏ฟฝาชclass, interface๏ฟฝ๏ฟฝenum
[ERROR] /C:/Users/33328/Desktop/สตัต๏ฟฝ๏ฟฝ๏ฟฝ๏ฟฝ/24๏ฟฝ๏ฟฝสตัตาช๏ฟฝ๏ฟฝ/Program/NursingTraining-backend/src/main/java/org/example/nursingtrainingbackend/modules/category/dto/CategoryStatusRequest.java:[6,18] ๏ฟฝ๏ฟฝาชclass, interface๏ฟฝ๏ฟฝenum
[ERROR] /C:/Users/33328/Desktop/สตัต๏ฟฝ๏ฟฝ๏ฟฝ๏ฟฝ/24๏ฟฝ๏ฟฝสตัตาช๏ฟฝ๏ฟฝ/Program/NursingTraining-backend/src/main/java/org/example/nursingtrainingbackend/modules/category/dto/CategoryTreeQuery.java:[4,8] ๏ฟฝ๏ฟฝาชclass, interface๏ฟฝ๏ฟฝenum
[ERROR] /C:/Users/33328/Desktop/สตัต๏ฟฝ๏ฟฝ๏ฟฝ๏ฟฝ/24๏ฟฝ๏ฟฝสตัตาช๏ฟฝ๏ฟฝ/Program/NursingTraining-backend/src/main/java/org/example/nursingtrainingbackend/modules/category/vo/BatchDeleteVO.java:[3,8] ๏ฟฝ๏ฟฝาชclass, interface๏ฟฝ๏ฟฝenum
[ERROR] /C:/Users/33328/Desktop/สตัต๏ฟฝ๏ฟฝ๏ฟฝ๏ฟฝ/24๏ฟฝ๏ฟฝสตัตาช๏ฟฝ๏ฟฝ/Program/NursingTraining-backend/src/main/java/org/example/nursingtrainingbackend/modules/category/vo/CategoryEditVO.java:[7,8] ๏ฟฝ๏ฟฝาชclass, interface๏ฟฝ๏ฟฝenum
[ERROR] /C:/Users/33328/Desktop/สตัต๏ฟฝ๏ฟฝ๏ฟฝ๏ฟฝ/24๏ฟฝ๏ฟฝสตัตาช๏ฟฝ๏ฟฝ/Program/NursingTraining-backend/src/main/java/org/example/nursingtrainingbackend/modules/category/vo/CategoryEditVO.java:[17,19] ๏ฟฝ๏ฟฝาชclass, interface๏ฟฝ๏ฟฝenum
[ERROR] /C:/Users/33328/Desktop/สตัต๏ฟฝ๏ฟฝ๏ฟฝ๏ฟฝ/24๏ฟฝ๏ฟฝสตัตาช๏ฟฝ๏ฟฝ/Program/NursingTraining-backend/src/main/java/org/example/nursingtrainingbackend/modules/category/vo/CategoryEditVO.java:[28,5] ๏ฟฝ๏ฟฝาชclass, interface๏ฟฝ๏ฟฝenum
[ERROR] /C:/Users/33328/Desktop/สตัต๏ฟฝ๏ฟฝ๏ฟฝ๏ฟฝ/24๏ฟฝ๏ฟฝสตัตาช๏ฟฝ๏ฟฝ/Program/NursingTraining-backend/src/main/java/org/example/nursingtrainingbackend/modules/category/vo/CategoryNode.java:[10,8] ๏ฟฝ๏ฟฝาชclass, interface๏ฟฝ๏ฟฝenum
[ERROR] /C:/Users/33328/Desktop/สตัต๏ฟฝ๏ฟฝ๏ฟฝ๏ฟฝ/24๏ฟฝ๏ฟฝสตัตาช๏ฟฝ๏ฟฝ/Program/NursingTraining-backend/src/main/java/org/example/nursingtrainingbackend/modules/category/vo/CategoryNode.java:[24,19] ๏ฟฝ๏ฟฝาชclass, interface๏ฟฝ๏ฟฝenum
[ERROR] /C:/Users/33328/Desktop/สตัต๏ฟฝ๏ฟฝ๏ฟฝ๏ฟฝ/24๏ฟฝ๏ฟฝสตัตาช๏ฟฝ๏ฟฝ/Program/NursingTraining-backend/src/main/java/org/example/nursingtrainingbackend/modules/category/vo/CategoryNode.java:[39,5] ๏ฟฝ๏ฟฝาชclass, interface๏ฟฝ๏ฟฝenum
[ERROR] /C:/Users/33328/Desktop/สตัต๏ฟฝ๏ฟฝ๏ฟฝ๏ฟฝ/24๏ฟฝ๏ฟฝสตัตาช๏ฟฝ๏ฟฝ/Program/NursingTraining-backend/src/main/java/org/example/nursingtrainingbackend/modules/category/vo/CategoryOverviewResult.java:[5,8] ๏ฟฝ๏ฟฝาชclass, interface๏ฟฝ๏ฟฝenum
[ERROR] /C:/Users/33328/Desktop/สตัต๏ฟฝ๏ฟฝ๏ฟฝ๏ฟฝ/24๏ฟฝ๏ฟฝสตัตาช๏ฟฝ๏ฟฝ/Program/NursingTraining-backend/src/main/java/org/example/nursingtrainingbackend/modules/category/vo/CategoryStatusVO.java:[3,8] ๏ฟฝ๏ฟฝาชclass, interface๏ฟฝ๏ฟฝenum
[ERROR] /C:/Users/33328/Desktop/สตัต๏ฟฝ๏ฟฝ๏ฟฝ๏ฟฝ/24๏ฟฝ๏ฟฝสตัตาช๏ฟฝ๏ฟฝ/Program/NursingTraining-backend/src/main/java/org/example/nursingtrainingbackend/modules/category/vo/CategorySummary.java:[3,8] ๏ฟฝ๏ฟฝาชclass, interface๏ฟฝ๏ฟฝenum
[ERROR] /C:/Users/33328/Desktop/สตัต๏ฟฝ๏ฟฝ๏ฟฝ๏ฟฝ/24๏ฟฝ๏ฟฝสตัตาช๏ฟฝ๏ฟฝ/Program/NursingTraining-backend/src/main/java/org/example/nursingtrainingbackend/modules/category/vo/CategoryTreeResult.java:[6,8] ๏ฟฝ๏ฟฝาชclass, interface๏ฟฝ๏ฟฝenum
[ERROR] /C:/Users/33328/Desktop/สตัต๏ฟฝ๏ฟฝ๏ฟฝ๏ฟฝ/24๏ฟฝ๏ฟฝสตัตาช๏ฟฝ๏ฟฝ/Program/NursingTraining-backend/src/main/java/org/example/nursingtrainingbackend/modules/category/vo/CategoryVO.java:[7,8] ๏ฟฝ๏ฟฝาชclass, interface๏ฟฝ๏ฟฝenum
[ERROR] /C:/Users/33328/Desktop/สตัต๏ฟฝ๏ฟฝ๏ฟฝ๏ฟฝ/24๏ฟฝ๏ฟฝสตัตาช๏ฟฝ๏ฟฝ/Program/NursingTraining-backend/src/main/java/org/example/nursingtrainingbackend/modules/category/vo/CategoryVO.java:[20,19] ๏ฟฝ๏ฟฝาชclass, interface๏ฟฝ๏ฟฝenum
[ERROR] /C:/Users/33328/Desktop/สตัต๏ฟฝ๏ฟฝ๏ฟฝ๏ฟฝ/24๏ฟฝ๏ฟฝสตัตาช๏ฟฝ๏ฟฝ/Program/NursingTraining-backend/src/main/java/org/example/nursingtrainingbackend/modules/category/vo/CategoryVO.java:[34,5] ๏ฟฝ๏ฟฝาชclass, interface๏ฟฝ๏ฟฝenum
[ERROR] /C:/Users/33328/Desktop/สตัต๏ฟฝ๏ฟฝ๏ฟฝ๏ฟฝ/24๏ฟฝ๏ฟฝสตัตาช๏ฟฝ๏ฟฝ/Program/NursingTraining-backend/src/main/java/org/example/nursingtrainingbackend/modules/category/vo/RecentUpdateItem.java:[5,8] ๏ฟฝ๏ฟฝาชclass, interface๏ฟฝ๏ฟฝenum
[ERROR] /C:/Users/33328/Desktop/สตัต๏ฟฝ๏ฟฝ๏ฟฝ๏ฟฝ/24๏ฟฝ๏ฟฝสตัตาช๏ฟฝ๏ฟฝ/Program/NursingTraining-backend/src/main/java/org/example/nursingtrainingbackend/modules/category/vo/TopCategoryItem.java:[3,8] ๏ฟฝ๏ฟฝาชclass, interface๏ฟฝ๏ฟฝenum
[ERROR] /C:/Users/33328/Desktop/สตัต๏ฟฝ๏ฟฝ๏ฟฝ๏ฟฝ/24๏ฟฝ๏ฟฝสตัตาช๏ฟฝ๏ฟฝ/Program/NursingTraining-backend/src/main/java/org/example/nursingtrainingbackend/modules/course/service/impl/CourseCreateServiceImpl.java:[562,16] ๏ฟฝวท๏ฟฝ๏ฟฝฤฑ๏ฟฝ๏ฟฝสฝ๏ฟฝ๏ฟฝสผ
[ERROR] /C:/Users/33328/Desktop/สตัต๏ฟฝ๏ฟฝ๏ฟฝ๏ฟฝ/24๏ฟฝ๏ฟฝสตัตาช๏ฟฝ๏ฟฝ/Program/NursingTraining-backend/src/main/java/org/example/nursingtrainingbackend/modules/course/service/impl/CourseCreateServiceImpl.java:[562,23] ๏ฟฝ๏ฟฝ๏ฟฝ๏ฟฝ๏ฟฝ๏ฟฝ๏ฟฝ
[ERROR] /C:/Users/33328/Desktop/สตัต๏ฟฝ๏ฟฝ๏ฟฝ๏ฟฝ/24๏ฟฝ๏ฟฝสตัตาช๏ฟฝ๏ฟฝ/Program/NursingTraining-backend/src/main/java/org/example/nursingtrainingbackend/modules/course/service/impl/CourseCreateServiceImpl.java:[562,31] ๏ฟฝ๏ฟฝาช';'
[ERROR] /C:/Users/33328/Desktop/สตัต๏ฟฝ๏ฟฝ๏ฟฝ๏ฟฝ/24๏ฟฝ๏ฟฝสตัตาช๏ฟฝ๏ฟฝ/Program/NursingTraining-backend/src/main/java/org/example/nursingtrainingbackend/modules/course/service/impl/CourseCreateServiceImpl.java:[563,13] ๏ฟฝ๏ฟฝ๏ฟฝ๏ฟฝ๏ฟฝ๏ฟฝcase
[ERROR] /C:/Users/33328/Desktop/สตัต๏ฟฝ๏ฟฝ๏ฟฝ๏ฟฝ/24๏ฟฝ๏ฟฝสตัตาช๏ฟฝ๏ฟฝ/Program/NursingTraining-backend/src/main/java/org/example/nursingtrainingbackend/modules/course/service/impl/CourseCreateServiceImpl.java:[563,19] ๏ฟฝ๏ฟฝาช:
[ERROR] /C:/Users/33328/Desktop/สตัต๏ฟฝ๏ฟฝ๏ฟฝ๏ฟฝ/24๏ฟฝ๏ฟฝสตัตาช๏ฟฝ๏ฟฝ/Program/NursingTraining-backend/src/main/java/org/example/nursingtrainingbackend/modules/course/service/impl/CourseCreateServiceImpl.java:[563,20] ๏ฟฝวท๏ฟฝ๏ฟฝฤฑ๏ฟฝ๏ฟฝสฝ๏ฟฝ๏ฟฝสผ
[ERROR] /C:/Users/33328/Desktop/สตัต๏ฟฝ๏ฟฝ๏ฟฝ๏ฟฝ/24๏ฟฝ๏ฟฝสตัตาช๏ฟฝ๏ฟฝ/Program/NursingTraining-backend/src/main/java/org/example/nursingtrainingbackend/modules/course/service/impl/CourseCreateServiceImpl.java:[563,22] ๏ฟฝ๏ฟฝาช';'
[ERROR] /C:/Users/33328/Desktop/สตัต๏ฟฝ๏ฟฝ๏ฟฝ๏ฟฝ/24๏ฟฝ๏ฟฝสตัตาช๏ฟฝ๏ฟฝ/Program/NursingTraining-backend/src/main/java/org/example/nursingtrainingbackend/modules/course/service/impl/CourseCreateServiceImpl.java:[564,19] ๏ฟฝ๏ฟฝาช:
[ERROR] /C:/Users/33328/Desktop/สตัต๏ฟฝ๏ฟฝ๏ฟฝ๏ฟฝ/24๏ฟฝ๏ฟฝสตัตาช๏ฟฝ๏ฟฝ/Program/NursingTraining-backend/src/main/java/org/example/nursingtrainingbackend/modules/course/service/impl/CourseCreateServiceImpl.java:[564,20] ๏ฟฝวท๏ฟฝ๏ฟฝฤฑ๏ฟฝ๏ฟฝสฝ๏ฟฝ๏ฟฝสผ
[ERROR] /C:/Users/33328/Desktop/สตัต๏ฟฝ๏ฟฝ๏ฟฝ๏ฟฝ/24๏ฟฝ๏ฟฝสตัตาช๏ฟฝ๏ฟฝ/Program/NursingTraining-backend/src/main/java/org/example/nursingtrainingbackend/modules/course/service/impl/CourseCreateServiceImpl.java:[564,22] ๏ฟฝ๏ฟฝาช';'
[ERROR] /C:/Users/33328/Desktop/สตัต๏ฟฝ๏ฟฝ๏ฟฝ๏ฟฝ/24๏ฟฝ๏ฟฝสตัตาช๏ฟฝ๏ฟฝ/Program/NursingTraining-backend/src/main/java/org/example/nursingtrainingbackend/modules/course/service/impl/CourseCreateServiceImpl.java:[565,19] ๏ฟฝ๏ฟฝาช:
[ERROR] /C:/Users/33328/Desktop/สตัต๏ฟฝ๏ฟฝ๏ฟฝ๏ฟฝ/24๏ฟฝ๏ฟฝสตัตาช๏ฟฝ๏ฟฝ/Program/NursingTraining-backend/src/main/java/org/example/nursingtrainingbackend/modules/course/service/impl/CourseCreateServiceImpl.java:[565,20] ๏ฟฝวท๏ฟฝ๏ฟฝฤฑ๏ฟฝ๏ฟฝสฝ๏ฟฝ๏ฟฝสผ
[ERROR] /C:/Users/33328/Desktop/สตัต๏ฟฝ๏ฟฝ๏ฟฝ๏ฟฝ/24๏ฟฝ๏ฟฝสตัตาช๏ฟฝ๏ฟฝ/Program/NursingTraining-backend/src/main/java/org/example/nursingtrainingbackend/modules/course/service/impl/CourseCreateServiceImpl.java:[565,22] ๏ฟฝ๏ฟฝาช';'
[ERROR] /C:/Users/33328/Desktop/สตัต๏ฟฝ๏ฟฝ๏ฟฝ๏ฟฝ/24๏ฟฝ๏ฟฝสตัตาช๏ฟฝ๏ฟฝ/Program/NursingTraining-backend/src/main/java/org/example/nursingtrainingbackend/modules/course/service/impl/CourseCreateServiceImpl.java:[566,20] ๏ฟฝ๏ฟฝาช:
[ERROR] /C:/Users/33328/Desktop/สตัต๏ฟฝ๏ฟฝ๏ฟฝ๏ฟฝ/24๏ฟฝ๏ฟฝสตัตาช๏ฟฝ๏ฟฝ/Program/NursingTraining-backend/src/main/java/org/example/nursingtrainingbackend/modules/course/service/impl/CourseCreateServiceImpl.java:[566,21] ๏ฟฝวท๏ฟฝ๏ฟฝฤฑ๏ฟฝ๏ฟฝสฝ๏ฟฝ๏ฟฝสผ
[ERROR] /C:/Users/33328/Desktop/สตัต๏ฟฝ๏ฟฝ๏ฟฝ๏ฟฝ/24๏ฟฝ๏ฟฝสตัตาช๏ฟฝ๏ฟฝ/Program/NursingTraining-backend/src/main/java/org/example/nursingtrainingbackend/modules/course/service/impl/CourseCreateServiceImpl.java:[566,23] ๏ฟฝ๏ฟฝาช';'
[ERROR] /C:/Users/33328/Desktop/สตัต๏ฟฝ๏ฟฝ๏ฟฝ๏ฟฝ/24๏ฟฝ๏ฟฝสตัตาช๏ฟฝ๏ฟฝ/Program/NursingTraining-backend/src/main/java/org/example/nursingtrainingbackend/modules/course/service/impl/CourseCreateServiceImpl.java:[572,16] ๏ฟฝวท๏ฟฝ๏ฟฝฤฑ๏ฟฝ๏ฟฝสฝ๏ฟฝ๏ฟฝสผ
[ERROR] /C:/Users/33328/Desktop/สตัต๏ฟฝ๏ฟฝ๏ฟฝ๏ฟฝ/24๏ฟฝ๏ฟฝสตัตาช๏ฟฝ๏ฟฝ/Program/NursingTraining-backend/src/main/java/org/example/nursingtrainingbackend/modules/course/service/impl/CourseCreateServiceImpl.java:[572,23] ๏ฟฝ๏ฟฝ๏ฟฝ๏ฟฝ๏ฟฝ๏ฟฝ๏ฟฝ
[ERROR] /C:/Users/33328/Desktop/สตัต๏ฟฝ๏ฟฝ๏ฟฝ๏ฟฝ/24๏ฟฝ๏ฟฝสตัตาช๏ฟฝ๏ฟฝ/Program/NursingTraining-backend/src/main/java/org/example/nursingtrainingbackend/modules/course/service/impl/CourseCreateServiceImpl.java:[572,29] ๏ฟฝ๏ฟฝาช';'
[ERROR] /C:/Users/33328/Desktop/สตัต๏ฟฝ๏ฟฝ๏ฟฝ๏ฟฝ/24๏ฟฝ๏ฟฝสตัตาช๏ฟฝ๏ฟฝ/Program/NursingTraining-backend/src/main/java/org/example/nursingtrainingbackend/modules/course/service/impl/CourseCreateServiceImpl.java:[573,13] ๏ฟฝ๏ฟฝ๏ฟฝ๏ฟฝ๏ฟฝ๏ฟฝcase
[ERROR] /C:/Users/33328/Desktop/สตัต๏ฟฝ๏ฟฝ๏ฟฝ๏ฟฝ/24๏ฟฝ๏ฟฝสตัตาช๏ฟฝ๏ฟฝ/Program/NursingTraining-backend/src/main/java/org/example/nursingtrainingbackend/modules/course/service/impl/CourseCreateServiceImpl.java:[573,19] ๏ฟฝ๏ฟฝาช:
[ERROR] /C:/Users/33328/Desktop/สตัต๏ฟฝ๏ฟฝ๏ฟฝ๏ฟฝ/24๏ฟฝ๏ฟฝสตัตาช๏ฟฝ๏ฟฝ/Program/NursingTraining-backend/src/main/java/org/example/nursingtrainingbackend/modules/course/service/impl/CourseCreateServiceImpl.java:[573,20] ๏ฟฝวท๏ฟฝ๏ฟฝฤฑ๏ฟฝ๏ฟฝสฝ๏ฟฝ๏ฟฝสผ
[ERROR] /C:/Users/33328/Desktop/สตัต๏ฟฝ๏ฟฝ๏ฟฝ๏ฟฝ/24๏ฟฝ๏ฟฝสตัตาช๏ฟฝ๏ฟฝ/Program/NursingTraining-backend/src/main/java/org/example/nursingtrainingbackend/modules/course/service/impl/CourseCreateServiceImpl.java:[573,22] ๏ฟฝ๏ฟฝาช';'
[ERROR] /C:/Users/33328/Desktop/สตัต๏ฟฝ๏ฟฝ๏ฟฝ๏ฟฝ/24๏ฟฝ๏ฟฝสตัตาช๏ฟฝ๏ฟฝ/Program/NursingTraining-backend/src/main/java/org/example/nursingtrainingbackend/modules/course/service/impl/CourseCreateServiceImpl.java:[574,20] ๏ฟฝ๏ฟฝาช:
[ERROR] /C:/Users/33328/Desktop/สตัต๏ฟฝ๏ฟฝ๏ฟฝ๏ฟฝ/24๏ฟฝ๏ฟฝสตัตาช๏ฟฝ๏ฟฝ/Program/NursingTraining-backend/src/main/java/org/example/nursingtrainingbackend/modules/course/service/impl/CourseCreateServiceImpl.java:[574,21] ๏ฟฝวท๏ฟฝ๏ฟฝฤฑ๏ฟฝ๏ฟฝสฝ๏ฟฝ๏ฟฝสผ
[ERROR] /C:/Users/33328/Desktop/สตัต๏ฟฝ๏ฟฝ๏ฟฝ๏ฟฝ/24๏ฟฝ๏ฟฝสตัตาช๏ฟฝ๏ฟฝ/Program/NursingTraining-backend/src/main/java/org/example/nursingtrainingbackend/modules/course/service/impl/CourseCreateServiceImpl.java:[574,23] ๏ฟฝ๏ฟฝาช';'
[ERROR] /C:/Users/33328/Desktop/สตัต๏ฟฝ๏ฟฝ๏ฟฝ๏ฟฝ/24๏ฟฝ๏ฟฝสตัตาช๏ฟฝ๏ฟฝ/Program/NursingTraining-backend/src/main/java/org/example/nursingtrainingbackend/modules/course/service/impl/CourseManagementServiceImpl.java:[116,26] ๏ฟฝวท๏ฟฝ๏ฟฝฤฑ๏ฟฝ๏ฟฝสฝ๏ฟฝ๏ฟฝสผ
[ERROR] /C:/Users/33328/Desktop/สตัต๏ฟฝ๏ฟฝ๏ฟฝ๏ฟฝ/24๏ฟฝ๏ฟฝสตัตาช๏ฟฝ๏ฟฝ/Program/NursingTraining-backend/src/main/java/org/example/nursingtrainingbackend/modules/course/service/impl/CourseManagementServiceImpl.java:[116,33] ๏ฟฝ๏ฟฝ๏ฟฝ๏ฟฝ๏ฟฝ๏ฟฝ๏ฟฝ
[ERROR] /C:/Users/33328/Desktop/สตัต๏ฟฝ๏ฟฝ๏ฟฝ๏ฟฝ/24๏ฟฝ๏ฟฝสตัตาช๏ฟฝ๏ฟฝ/Program/NursingTraining-backend/src/main/java/org/example/nursingtrainingbackend/modules/course/service/impl/CourseManagementServiceImpl.java:[116,50] ๏ฟฝ๏ฟฝาช';'
[ERROR] /C:/Users/33328/Desktop/สตัต๏ฟฝ๏ฟฝ๏ฟฝ๏ฟฝ/24๏ฟฝ๏ฟฝสตัตาช๏ฟฝ๏ฟฝ/Program/NursingTraining-backend/src/main/java/org/example/nursingtrainingbackend/modules/course/service/impl/CourseManagementServiceImpl.java:[117,17] ๏ฟฝ๏ฟฝ๏ฟฝ๏ฟฝ๏ฟฝ๏ฟฝcase
[ERROR] /C:/Users/33328/Desktop/สตัต๏ฟฝ๏ฟฝ๏ฟฝ๏ฟฝ/24๏ฟฝ๏ฟฝสตัตาช๏ฟฝ๏ฟฝ/Program/NursingTraining-backend/src/main/java/org/example/nursingtrainingbackend/modules/course/service/impl/CourseManagementServiceImpl.java:[117,29] ๏ฟฝ๏ฟฝาช:
[ERROR] /C:/Users/33328/Desktop/สตัต๏ฟฝ๏ฟฝ๏ฟฝ๏ฟฝ/24๏ฟฝ๏ฟฝสตัตาช๏ฟฝ๏ฟฝ/Program/NursingTraining-backend/src/main/java/org/example/nursingtrainingbackend/modules/course/service/impl/CourseManagementServiceImpl.java:[117,30] ๏ฟฝวท๏ฟฝ๏ฟฝฤฑ๏ฟฝ๏ฟฝสฝ๏ฟฝ๏ฟฝสผ
[ERROR] /C:/Users/33328/Desktop/สตัต๏ฟฝ๏ฟฝ๏ฟฝ๏ฟฝ/24๏ฟฝ๏ฟฝสตัตาช๏ฟฝ๏ฟฝ/Program/NursingTraining-backend/src/main/java/org/example/nursingtrainingbackend/modules/course/service/impl/CourseManagementServiceImpl.java:[117,32] ๏ฟฝ๏ฟฝาช';'
[ERROR] /C:/Users/33328/Desktop/สตัต๏ฟฝ๏ฟฝ๏ฟฝ๏ฟฝ/24๏ฟฝ๏ฟฝสตัตาช๏ฟฝ๏ฟฝ/Program/NursingTraining-backend/src/main/java/org/example/nursingtrainingbackend/modules/course/service/impl/CourseManagementServiceImpl.java:[118,33] ๏ฟฝ๏ฟฝาช:
[ERROR] Failed to execute goal org.apache.maven.plugins:maven-compiler-plugin:3.15.0:compile (default-compile) on project NursingTraining-backend: Compilation failure: Compilation failure: 
[ERROR] /C:/Users/33328/Desktop/สตัต๏ฟฝ๏ฟฝ๏ฟฝ๏ฟฝ/24๏ฟฝ๏ฟฝสตัตาช๏ฟฝ๏ฟฝ/Program/NursingTraining-backend/src/main/java/org/example/nursingtrainingbackend/common/page/PageResult.java:[6,8] ๏ฟฝ๏ฟฝาชclass, interface๏ฟฝ๏ฟฝenum
[ERROR] /C:/Users/33328/Desktop/สตัต๏ฟฝ๏ฟฝ๏ฟฝ๏ฟฝ/24๏ฟฝ๏ฟฝสตัตาช๏ฟฝ๏ฟฝ/Program/NursingTraining-backend/src/main/java/org/example/nursingtrainingbackend/common/page/PageResult.java:[7,19] ๏ฟฝ๏ฟฝาชclass, interface๏ฟฝ๏ฟฝenum
[ERROR] /C:/Users/33328/Desktop/สตัต๏ฟฝ๏ฟฝ๏ฟฝ๏ฟฝ/24๏ฟฝ๏ฟฝสตัตาช๏ฟฝ๏ฟฝ/Program/NursingTraining-backend/src/main/java/org/example/nursingtrainingbackend/common/page/PageResult.java:[9,5] ๏ฟฝ๏ฟฝาชclass, interface๏ฟฝ๏ฟฝenum
[ERROR] /C:/Users/33328/Desktop/สตัต๏ฟฝ๏ฟฝ๏ฟฝ๏ฟฝ/24๏ฟฝ๏ฟฝสตัตาช๏ฟฝ๏ฟฝ/Program/NursingTraining-backend/src/main/java/org/example/nursingtrainingbackend/common/result/Result.java:[6,8] ๏ฟฝ๏ฟฝาชclass, interface๏ฟฝ๏ฟฝenum
[ERROR] /C:/Users/33328/Desktop/สตัต๏ฟฝ๏ฟฝ๏ฟฝ๏ฟฝ/24๏ฟฝ๏ฟฝสตัตาช๏ฟฝ๏ฟฝ/Program/NursingTraining-backend/src/main/java/org/example/nursingtrainingbackend/common/result/Result.java:[11,9] ๏ฟฝ๏ฟฝาชclass, interface๏ฟฝ๏ฟฝenum
[ERROR] /C:/Users/33328/Desktop/สตัต๏ฟฝ๏ฟฝ๏ฟฝ๏ฟฝ/24๏ฟฝ๏ฟฝสตัตาช๏ฟฝ๏ฟฝ/Program/NursingTraining-backend/src/main/java/org/example/nursingtrainingbackend/common/result/Result.java:[13,19] ๏ฟฝ๏ฟฝาชclass, interface๏ฟฝ๏ฟฝenum
[ERROR] /C:/Users/33328/Desktop/สตัต๏ฟฝ๏ฟฝ๏ฟฝ๏ฟฝ/24๏ฟฝ๏ฟฝสตัตาช๏ฟฝ๏ฟฝ/Program/NursingTraining-backend/src/main/java/org/example/nursingtrainingbackend/common/result/Result.java:[15,5] ๏ฟฝ๏ฟฝาชclass, interface๏ฟฝ๏ฟฝenum
[ERROR] /C:/Users/33328/Desktop/สตัต๏ฟฝ๏ฟฝ๏ฟฝ๏ฟฝ/24๏ฟฝ๏ฟฝสตัตาช๏ฟฝ๏ฟฝ/Program/NursingTraining-backend/src/main/java/org/example/nursingtrainingbackend/common/result/Result.java:[17,19] ๏ฟฝ๏ฟฝาชclass, interface๏ฟฝ๏ฟฝenum
[ERROR] /C:/Users/33328/Desktop/สตัต๏ฟฝ๏ฟฝ๏ฟฝ๏ฟฝ/24๏ฟฝ๏ฟฝสตัตาช๏ฟฝ๏ฟฝ/Program/NursingTraining-backend/src/main/java/org/example/nursingtrainingbackend/common/result/Result.java:[19,5] ๏ฟฝ๏ฟฝาชclass, interface๏ฟฝ๏ฟฝenum
[ERROR] /C:/Users/33328/Desktop/สตัต๏ฟฝ๏ฟฝ๏ฟฝ๏ฟฝ/24๏ฟฝ๏ฟฝสตัตาช๏ฟฝ๏ฟฝ/Program/NursingTraining-backend/src/main/java/org/example/nursingtrainingbackend/common/result/Result.java:[21,19] ๏ฟฝ๏ฟฝาชclass, interface๏ฟฝ๏ฟฝenum
[ERROR] /C:/Users/33328/Desktop/สตัต๏ฟฝ๏ฟฝ๏ฟฝ๏ฟฝ/24๏ฟฝ๏ฟฝสตัตาช๏ฟฝ๏ฟฝ/Program/NursingTraining-backend/src/main/java/org/example/nursingtrainingbackend/common/result/Result.java:[23,5] ๏ฟฝ๏ฟฝาชclass, interface๏ฟฝ๏ฟฝenum
[ERROR] /C:/Users/33328/Desktop/สตัต๏ฟฝ๏ฟฝ๏ฟฝ๏ฟฝ/24๏ฟฝ๏ฟฝสตัตาช๏ฟฝ๏ฟฝ/Program/NursingTraining-backend/src/main/java/org/example/nursingtrainingbackend/common/result/Result.java:[25,19] ๏ฟฝ๏ฟฝาชclass, interface๏ฟฝ๏ฟฝenum
[ERROR] /C:/Users/33328/Desktop/สตัต๏ฟฝ๏ฟฝ๏ฟฝ๏ฟฝ/24๏ฟฝ๏ฟฝสตัตาช๏ฟฝ๏ฟฝ/Program/NursingTraining-backend/src/main/java/org/example/nursingtrainingbackend/common/result/Result.java:[27,5] ๏ฟฝ๏ฟฝาชclass, interface๏ฟฝ๏ฟฝenum
[ERROR] /C:/Users/33328/Desktop/สตัต๏ฟฝ๏ฟฝ๏ฟฝ๏ฟฝ/24๏ฟฝ๏ฟฝสตัตาช๏ฟฝ๏ฟฝ/Program/NursingTraining-backend/src/main/java/org/example/nursingtrainingbackend/config/properties/ArticleAttachmentProperties.java:[10,8] ๏ฟฝ๏ฟฝาชclass, interface๏ฟฝ๏ฟฝenum
[ERROR] /C:/Users/33328/Desktop/สตัต๏ฟฝ๏ฟฝ๏ฟฝ๏ฟฝ/24๏ฟฝ๏ฟฝสตัตาช๏ฟฝ๏ฟฝ/Program/NursingTraining-backend/src/main/java/org/example/nursingtrainingbackend/config/properties/ArticleAttachmentProperties.java:[31,12] ๏ฟฝ๏ฟฝาชclass, interface๏ฟฝ๏ฟฝenum
[ERROR] /C:/Users/33328/Desktop/สตัต๏ฟฝ๏ฟฝ๏ฟฝ๏ฟฝ/24๏ฟฝ๏ฟฝสตัตาช๏ฟฝ๏ฟฝ/Program/NursingTraining-backend/src/main/java/org/example/nursingtrainingbackend/config/properties/ArticleAttachmentProperties.java:[33,9] ๏ฟฝ๏ฟฝาชclass, interface๏ฟฝ๏ฟฝenum
[ERROR] /C:/Users/33328/Desktop/สตัต๏ฟฝ๏ฟฝ๏ฟฝ๏ฟฝ/24๏ฟฝ๏ฟฝสตัตาช๏ฟฝ๏ฟฝ/Program/NursingTraining-backend/src/main/java/org/example/nursingtrainingbackend/config/properties/ArticleAttachmentProperties.java:[34,9] ๏ฟฝ๏ฟฝาชclass, interface๏ฟฝ๏ฟฝenum
[ERROR] /C:/Users/33328/Desktop/สตัต๏ฟฝ๏ฟฝ๏ฟฝ๏ฟฝ/24๏ฟฝ๏ฟฝสตัตาช๏ฟฝ๏ฟฝ/Program/NursingTraining-backend/src/main/java/org/example/nursingtrainingbackend/config/properties/ArticleAttachmentProperties.java:[35,9] ๏ฟฝ๏ฟฝาชclass, interface๏ฟฝ๏ฟฝenum
[ERROR] /C:/Users/33328/Desktop/สตัต๏ฟฝ๏ฟฝ๏ฟฝ๏ฟฝ/24๏ฟฝ๏ฟฝสตัตาช๏ฟฝ๏ฟฝ/Program/NursingTraining-backend/src/main/java/org/example/nursingtrainingbackend/config/properties/ArticleAttachmentProperties.java:[40,5] ๏ฟฝ๏ฟฝาชclass, interface๏ฟฝ๏ฟฝenum
[ERROR] /C:/Users/33328/Desktop/สตัต๏ฟฝ๏ฟฝ๏ฟฝ๏ฟฝ/24๏ฟฝ๏ฟฝสตัตาช๏ฟฝ๏ฟฝ/Program/NursingTraining-backend/src/main/java/org/example/nursingtrainingbackend/config/properties/CorsProperties.java:[7,8] ๏ฟฝ๏ฟฝาชclass, interface๏ฟฝ๏ฟฝenum
[ERROR] /C:/Users/33328/Desktop/สตัต๏ฟฝ๏ฟฝ๏ฟฝ๏ฟฝ/24๏ฟฝ๏ฟฝสตัตาช๏ฟฝ๏ฟฝ/Program/NursingTraining-backend/src/main/java/org/example/nursingtrainingbackend/config/properties/JwtProperties.java:[7,8] ๏ฟฝ๏ฟฝาชclass, interface๏ฟฝ๏ฟฝenum
[ERROR] /C:/Users/33328/Desktop/สตัต๏ฟฝ๏ฟฝ๏ฟฝ๏ฟฝ/24๏ฟฝ๏ฟฝสตัตาช๏ฟฝ๏ฟฝ/Program/NursingTraining-backend/src/main/java/org/example/nursingtrainingbackend/config/properties/UploadProperties.java:[7,8] ๏ฟฝ๏ฟฝาชclass, interface๏ฟฝ๏ฟฝenum
[ERROR] /C:/Users/33328/Desktop/สตัต๏ฟฝ๏ฟฝ๏ฟฝ๏ฟฝ/24๏ฟฝ๏ฟฝสตัตาช๏ฟฝ๏ฟฝ/Program/NursingTraining-backend/src/main/java/org/example/nursingtrainingbackend/modules/auth/dto/LoginRequest.java:[6,8] ๏ฟฝ๏ฟฝาชclass, interface๏ฟฝ๏ฟฝenum
[ERROR] /C:/Users/33328/Desktop/สตัต๏ฟฝ๏ฟฝ๏ฟฝ๏ฟฝ/24๏ฟฝ๏ฟฝสตัตาช๏ฟฝ๏ฟฝ/Program/NursingTraining-backend/src/main/java/org/example/nursingtrainingbackend/modules/auth/dto/LoginRequest.java:[6,54] ๏ฟฝ๏ฟฝาชclass, interface๏ฟฝ๏ฟฝenum
[ERROR] /C:/Users/33328/Desktop/สตัต๏ฟฝ๏ฟฝ๏ฟฝ๏ฟฝ/24๏ฟฝ๏ฟฝสตัตาช๏ฟฝ๏ฟฝ/Program/NursingTraining-backend/src/main/java/org/example/nursingtrainingbackend/modules/auth/dto/LoginRequest.java:[7,55] ๏ฟฝ๏ฟฝาชclass, interface๏ฟฝ๏ฟฝenum
[ERROR] /C:/Users/33328/Desktop/สตัต๏ฟฝ๏ฟฝ๏ฟฝ๏ฟฝ/24๏ฟฝ๏ฟฝสตัตาช๏ฟฝ๏ฟฝ/Program/NursingTraining-backend/src/main/java/org/example/nursingtrainingbackend/modules/auth/dto/RegisterRequest.java:[7,8] ๏ฟฝ๏ฟฝาชclass, interface๏ฟฝ๏ฟฝenum
[ERROR] /C:/Users/33328/Desktop/สตัต๏ฟฝ๏ฟฝ๏ฟฝ๏ฟฝ/24๏ฟฝ๏ฟฝสตัตาช๏ฟฝ๏ฟฝ/Program/NursingTraining-backend/src/main/java/org/example/nursingtrainingbackend/modules/auth/dto/RegisterRequest.java:[8,35] ๏ฟฝ๏ฟฝาชclass, interface๏ฟฝ๏ฟฝenum
[ERROR] /C:/Users/33328/Desktop/สตัต๏ฟฝ๏ฟฝ๏ฟฝ๏ฟฝ/24๏ฟฝ๏ฟฝสตัตาช๏ฟฝ๏ฟฝ/Program/NursingTraining-backend/src/main/java/org/example/nursingtrainingbackend/modules/auth/dto/RegisterRequest.java:[9,36] ๏ฟฝ๏ฟฝาชclass, interface๏ฟฝ๏ฟฝenum
[ERROR] /C:/Users/33328/Desktop/สตัต๏ฟฝ๏ฟฝ๏ฟฝ๏ฟฝ/24๏ฟฝ๏ฟฝสตัตาช๏ฟฝ๏ฟฝ/Program/NursingTraining-backend/src/main/java/org/example/nursingtrainingbackend/modules/auth/dto/RegisterRequest.java:[10,35] ๏ฟฝ๏ฟฝาชclass, interface๏ฟฝ๏ฟฝenum
[ERROR] /C:/Users/33328/Desktop/สตัต๏ฟฝ๏ฟฝ๏ฟฝ๏ฟฝ/24๏ฟฝ๏ฟฝสตัตาช๏ฟฝ๏ฟฝ/Program/NursingTraining-backend/src/main/java/org/example/nursingtrainingbackend/modules/auth/dto/RegisterRequest.java:[11,18] ๏ฟฝ๏ฟฝาชclass, interface๏ฟฝ๏ฟฝenum
[ERROR] /C:/Users/33328/Desktop/สตัต๏ฟฝ๏ฟฝ๏ฟฝ๏ฟฝ/24๏ฟฝ๏ฟฝสตัตาช๏ฟฝ๏ฟฝ/Program/NursingTraining-backend/src/main/java/org/example/nursingtrainingbackend/modules/auth/dto/RegisterRequest.java:[12,18] ๏ฟฝ๏ฟฝาชclass, interface๏ฟฝ๏ฟฝenum
[ERROR] /C:/Users/33328/Desktop/สตัต๏ฟฝ๏ฟฝ๏ฟฝ๏ฟฝ/24๏ฟฝ๏ฟฝสตัตาช๏ฟฝ๏ฟฝ/Program/NursingTraining-backend/src/main/java/org/example/nursingtrainingbackend/modules/auth/vo/LoginResponse.java:[3,8] ๏ฟฝ๏ฟฝาชclass, interface๏ฟฝ๏ฟฝenum
[ERROR] /C:/Users/33328/Desktop/สตัต๏ฟฝ๏ฟฝ๏ฟฝ๏ฟฝ/24๏ฟฝ๏ฟฝสตัตาช๏ฟฝ๏ฟฝ/Program/NursingTraining-backend/src/main/java/org/example/nursingtrainingbackend/modules/auth/vo/UserInfo.java:[5,8] ๏ฟฝ๏ฟฝาชclass, interface๏ฟฝ๏ฟฝenum
[ERROR] /C:/Users/33328/Desktop/สตัต๏ฟฝ๏ฟฝ๏ฟฝ๏ฟฝ/24๏ฟฝ๏ฟฝสตัตาช๏ฟฝ๏ฟฝ/Program/NursingTraining-backend/src/main/java/org/example/nursingtrainingbackend/modules/auth/vo/UserInfo.java:[6,19] ๏ฟฝ๏ฟฝาชclass, interface๏ฟฝ๏ฟฝenum
[ERROR] /C:/Users/33328/Desktop/สตัต๏ฟฝ๏ฟฝ๏ฟฝ๏ฟฝ/24๏ฟฝ๏ฟฝสตัตาช๏ฟฝ๏ฟฝ/Program/NursingTraining-backend/src/main/java/org/example/nursingtrainingbackend/modules/auth/vo/UserInfo.java:[8,5] ๏ฟฝ๏ฟฝาชclass, interface๏ฟฝ๏ฟฝenum
[ERROR] /C:/Users/33328/Desktop/สตัต๏ฟฝ๏ฟฝ๏ฟฝ๏ฟฝ/24๏ฟฝ๏ฟฝสตัตาช๏ฟฝ๏ฟฝ/Program/NursingTraining-backend/src/main/java/org/example/nursingtrainingbackend/modules/category/dto/BatchDeleteRequest.java:[8,8] ๏ฟฝ๏ฟฝาชclass, interface๏ฟฝ๏ฟฝenum
[ERROR] /C:/Users/33328/Desktop/สตัต๏ฟฝ๏ฟฝ๏ฟฝ๏ฟฝ/24๏ฟฝ๏ฟฝสตัตาช๏ฟฝ๏ฟฝ/Program/NursingTraining-backend/src/main/java/org/example/nursingtrainingbackend/modules/category/dto/BatchDeleteRequest.java:[9,36] ๏ฟฝ๏ฟฝาชclass, interface๏ฟฝ๏ฟฝenum
[ERROR] /C:/Users/33328/Desktop/สตัต๏ฟฝ๏ฟฝ๏ฟฝ๏ฟฝ/24๏ฟฝ๏ฟฝสตัตาช๏ฟฝ๏ฟฝ/Program/NursingTraining-backend/src/main/java/org/example/nursingtrainingbackend/modules/category/dto/CategoryCoursesBindRequest.java:[7,8] ๏ฟฝ๏ฟฝาชclass, interface๏ฟฝ๏ฟฝenum
[ERROR] /C:/Users/33328/Desktop/สตัต๏ฟฝ๏ฟฝ๏ฟฝ๏ฟฝ/24๏ฟฝ๏ฟฝสตัตาช๏ฟฝ๏ฟฝ/Program/NursingTraining-backend/src/main/java/org/example/nursingtrainingbackend/modules/category/dto/CategoryCoursesBindRequest.java:[9,9] ๏ฟฝ๏ฟฝาชclass, interface๏ฟฝ๏ฟฝenum
[ERROR] /C:/Users/33328/Desktop/สตัต๏ฟฝ๏ฟฝ๏ฟฝ๏ฟฝ/24๏ฟฝ๏ฟฝสตัตาช๏ฟฝ๏ฟฝ/Program/NursingTraining-backend/src/main/java/org/example/nursingtrainingbackend/modules/category/dto/CategoryCreateRequest.java:[7,8] ๏ฟฝ๏ฟฝาชclass, interface๏ฟฝ๏ฟฝenum
[ERROR] /C:/Users/33328/Desktop/สตัต๏ฟฝ๏ฟฝ๏ฟฝ๏ฟฝ/24๏ฟฝ๏ฟฝสตัตาช๏ฟฝ๏ฟฝ/Program/NursingTraining-backend/src/main/java/org/example/nursingtrainingbackend/modules/category/dto/CategoryCreateRequest.java:[8,36] ๏ฟฝ๏ฟฝาชclass, interface๏ฟฝ๏ฟฝenum
[ERROR] /C:/Users/33328/Desktop/สตัต๏ฟฝ๏ฟฝ๏ฟฝ๏ฟฝ/24๏ฟฝ๏ฟฝสตัตาช๏ฟฝ๏ฟฝ/Program/NursingTraining-backend/src/main/java/org/example/nursingtrainingbackend/modules/category/dto/CategoryCreateRequest.java:[10,26] ๏ฟฝ๏ฟฝาชclass, interface๏ฟฝ๏ฟฝenum
[ERROR] /C:/Users/33328/Desktop/สตัต๏ฟฝ๏ฟฝ๏ฟฝ๏ฟฝ/24๏ฟฝ๏ฟฝสตัตาช๏ฟฝ๏ฟฝ/Program/NursingTraining-backend/src/main/java/org/example/nursingtrainingbackend/modules/category/dto/CategoryEditRequest.java:[7,8] ๏ฟฝ๏ฟฝาชclass, interface๏ฟฝ๏ฟฝenum
[ERROR] /C:/Users/33328/Desktop/สตัต๏ฟฝ๏ฟฝ๏ฟฝ๏ฟฝ/24๏ฟฝ๏ฟฝสตัตาช๏ฟฝ๏ฟฝ/Program/NursingTraining-backend/src/main/java/org/example/nursingtrainingbackend/modules/category/dto/CategoryEditRequest.java:[8,36] ๏ฟฝ๏ฟฝาชclass, interface๏ฟฝ๏ฟฝenum
[ERROR] /C:/Users/33328/Desktop/สตัต๏ฟฝ๏ฟฝ๏ฟฝ๏ฟฝ/24๏ฟฝ๏ฟฝสตัตาช๏ฟฝ๏ฟฝ/Program/NursingTraining-backend/src/main/java/org/example/nursingtrainingbackend/modules/category/dto/CategoryEditRequest.java:[9,18] ๏ฟฝ๏ฟฝาชclass, interface๏ฟฝ๏ฟฝenum
[ERROR] /C:/Users/33328/Desktop/สตัต๏ฟฝ๏ฟฝ๏ฟฝ๏ฟฝ/24๏ฟฝ๏ฟฝสตัตาช๏ฟฝ๏ฟฝ/Program/NursingTraining-backend/src/main/java/org/example/nursingtrainingbackend/modules/category/dto/CategoryEditRequest.java:[10,26] ๏ฟฝ๏ฟฝาชclass, interface๏ฟฝ๏ฟฝenum
[ERROR] /C:/Users/33328/Desktop/สตัต๏ฟฝ๏ฟฝ๏ฟฝ๏ฟฝ/24๏ฟฝ๏ฟฝสตัตาช๏ฟฝ๏ฟฝ/Program/NursingTraining-backend/src/main/java/org/example/nursingtrainingbackend/modules/category/dto/CategoryEditRequest.java:[11,18] ๏ฟฝ๏ฟฝาชclass, interface๏ฟฝ๏ฟฝenum
[ERROR] /C:/Users/33328/Desktop/สตัต๏ฟฝ๏ฟฝ๏ฟฝ๏ฟฝ/24๏ฟฝ๏ฟฝสตัตาช๏ฟฝ๏ฟฝ/Program/NursingTraining-backend/src/main/java/org/example/nursingtrainingbackend/modules/category/dto/CategoryStatusRequest.java:[5,8] ๏ฟฝ๏ฟฝาชclass, interface๏ฟฝ๏ฟฝenum
[ERROR] /C:/Users/33328/Desktop/สตัต๏ฟฝ๏ฟฝ๏ฟฝ๏ฟฝ/24๏ฟฝ๏ฟฝสตัตาช๏ฟฝ๏ฟฝ/Program/NursingTraining-backend/src/main/java/org/example/nursingtrainingbackend/modules/category/dto/CategoryStatusRequest.java:[6,18] ๏ฟฝ๏ฟฝาชclass, interface๏ฟฝ๏ฟฝenum
[ERROR] /C:/Users/33328/Desktop/สตัต๏ฟฝ๏ฟฝ๏ฟฝ๏ฟฝ/24๏ฟฝ๏ฟฝสตัตาช๏ฟฝ๏ฟฝ/Program/NursingTraining-backend/src/main/java/org/example/nursingtrainingbackend/modules/category/dto/CategoryTreeQuery.java:[4,8] ๏ฟฝ๏ฟฝาชclass, interface๏ฟฝ๏ฟฝenum
[ERROR] /C:/Users/33328/Desktop/สตัต๏ฟฝ๏ฟฝ๏ฟฝ๏ฟฝ/24๏ฟฝ๏ฟฝสตัตาช๏ฟฝ๏ฟฝ/Program/NursingTraining-backend/src/main/java/org/example/nursingtrainingbackend/modules/category/vo/BatchDeleteVO.java:[3,8] ๏ฟฝ๏ฟฝาชclass, interface๏ฟฝ๏ฟฝenum
[ERROR] /C:/Users/33328/Desktop/สตัต๏ฟฝ๏ฟฝ๏ฟฝ๏ฟฝ/24๏ฟฝ๏ฟฝสตัตาช๏ฟฝ๏ฟฝ/Program/NursingTraining-backend/src/main/java/org/example/nursingtrainingbackend/modules/category/vo/CategoryEditVO.java:[7,8] ๏ฟฝ๏ฟฝาชclass, interface๏ฟฝ๏ฟฝenum
[ERROR] /C:/Users/33328/Desktop/สตัต๏ฟฝ๏ฟฝ๏ฟฝ๏ฟฝ/24๏ฟฝ๏ฟฝสตัตาช๏ฟฝ๏ฟฝ/Program/NursingTraining-backend/src/main/java/org/example/nursingtrainingbackend/modules/category/vo/CategoryEditVO.java:[17,19] ๏ฟฝ๏ฟฝาชclass, interface๏ฟฝ๏ฟฝenum
[ERROR] /C:/Users/33328/Desktop/สตัต๏ฟฝ๏ฟฝ๏ฟฝ๏ฟฝ/24๏ฟฝ๏ฟฝสตัตาช๏ฟฝ๏ฟฝ/Program/NursingTraining-backend/src/main/java/org/example/nursingtrainingbackend/modules/category/vo/CategoryEditVO.java:[28,5] ๏ฟฝ๏ฟฝาชclass, interface๏ฟฝ๏ฟฝenum
[ERROR] /C:/Users/33328/Desktop/สตัต๏ฟฝ๏ฟฝ๏ฟฝ๏ฟฝ/24๏ฟฝ๏ฟฝสตัตาช๏ฟฝ๏ฟฝ/Program/NursingTraining-backend/src/main/java/org/example/nursingtrainingbackend/modules/category/vo/CategoryNode.java:[10,8] ๏ฟฝ๏ฟฝาชclass, interface๏ฟฝ๏ฟฝenum
[ERROR] /C:/Users/33328/Desktop/สตัต๏ฟฝ๏ฟฝ๏ฟฝ๏ฟฝ/24๏ฟฝ๏ฟฝสตัตาช๏ฟฝ๏ฟฝ/Program/NursingTraining-backend/src/main/java/org/example/nursingtrainingbackend/modules/category/vo/CategoryNode.java:[24,19] ๏ฟฝ๏ฟฝาชclass, interface๏ฟฝ๏ฟฝenum
[ERROR] /C:/Users/33328/Desktop/สตัต๏ฟฝ๏ฟฝ๏ฟฝ๏ฟฝ/24๏ฟฝ๏ฟฝสตัตาช๏ฟฝ๏ฟฝ/Program/NursingTraining-backend/src/main/java/org/example/nursingtrainingbackend/modules/category/vo/CategoryNode.java:[39,5] ๏ฟฝ๏ฟฝาชclass, interface๏ฟฝ๏ฟฝenum
[ERROR] /C:/Users/33328/Desktop/สตัต๏ฟฝ๏ฟฝ๏ฟฝ๏ฟฝ/24๏ฟฝ๏ฟฝสตัตาช๏ฟฝ๏ฟฝ/Program/NursingTraining-backend/src/main/java/org/example/nursingtrainingbackend/modules/category/vo/CategoryOverviewResult.java:[5,8] ๏ฟฝ๏ฟฝาชclass, interface๏ฟฝ๏ฟฝenum
[ERROR] /C:/Users/33328/Desktop/สตัต๏ฟฝ๏ฟฝ๏ฟฝ๏ฟฝ/24๏ฟฝ๏ฟฝสตัตาช๏ฟฝ๏ฟฝ/Program/NursingTraining-backend/src/main/java/org/example/nursingtrainingbackend/modules/category/vo/CategoryStatusVO.java:[3,8] ๏ฟฝ๏ฟฝาชclass, interface๏ฟฝ๏ฟฝenum
[ERROR] /C:/Users/33328/Desktop/สตัต๏ฟฝ๏ฟฝ๏ฟฝ๏ฟฝ/24๏ฟฝ๏ฟฝสตัตาช๏ฟฝ๏ฟฝ/Program/NursingTraining-backend/src/main/java/org/example/nursingtrainingbackend/modules/category/vo/CategorySummary.java:[3,8] ๏ฟฝ๏ฟฝาชclass, interface๏ฟฝ๏ฟฝenum
[ERROR] /C:/Users/33328/Desktop/สตัต๏ฟฝ๏ฟฝ๏ฟฝ๏ฟฝ/24๏ฟฝ๏ฟฝสตัตาช๏ฟฝ๏ฟฝ/Program/NursingTraining-backend/src/main/java/org/example/nursingtrainingbackend/modules/category/vo/CategoryTreeResult.java:[6,8] ๏ฟฝ๏ฟฝาชclass, interface๏ฟฝ๏ฟฝenum
[ERROR] /C:/Users/33328/Desktop/สตัต๏ฟฝ๏ฟฝ๏ฟฝ๏ฟฝ/24๏ฟฝ๏ฟฝสตัตาช๏ฟฝ๏ฟฝ/Program/NursingTraining-backend/src/main/java/org/example/nursingtrainingbackend/modules/category/vo/CategoryVO.java:[7,8] ๏ฟฝ๏ฟฝาชclass, interface๏ฟฝ๏ฟฝenum
[ERROR] /C:/Users/33328/Desktop/สตัต๏ฟฝ๏ฟฝ๏ฟฝ๏ฟฝ/24๏ฟฝ๏ฟฝสตัตาช๏ฟฝ๏ฟฝ/Program/NursingTraining-backend/src/main/java/org/example/nursingtrainingbackend/modules/category/vo/CategoryVO.java:[20,19] ๏ฟฝ๏ฟฝาชclass, interface๏ฟฝ๏ฟฝenum
[ERROR] /C:/Users/33328/Desktop/สตัต๏ฟฝ๏ฟฝ๏ฟฝ๏ฟฝ/24๏ฟฝ๏ฟฝสตัตาช๏ฟฝ๏ฟฝ/Program/NursingTraining-backend/src/main/java/org/example/nursingtrainingbackend/modules/category/vo/CategoryVO.java:[34,5] ๏ฟฝ๏ฟฝาชclass, interface๏ฟฝ๏ฟฝenum
[ERROR] /C:/Users/33328/Desktop/สตัต๏ฟฝ๏ฟฝ๏ฟฝ๏ฟฝ/24๏ฟฝ๏ฟฝสตัตาช๏ฟฝ๏ฟฝ/Program/NursingTraining-backend/src/main/java/org/example/nursingtrainingbackend/modules/category/vo/RecentUpdateItem.java:[5,8] ๏ฟฝ๏ฟฝาชclass, interface๏ฟฝ๏ฟฝenum
[ERROR] /C:/Users/33328/Desktop/สตัต๏ฟฝ๏ฟฝ๏ฟฝ๏ฟฝ/24๏ฟฝ๏ฟฝสตัตาช๏ฟฝ๏ฟฝ/Program/NursingTraining-backend/src/main/java/org/example/nursingtrainingbackend/modules/category/vo/TopCategoryItem.java:[3,8] ๏ฟฝ๏ฟฝาชclass, interface๏ฟฝ๏ฟฝenum
[ERROR] /C:/Users/33328/Desktop/สตัต๏ฟฝ๏ฟฝ๏ฟฝ๏ฟฝ/24๏ฟฝ๏ฟฝสตัตาช๏ฟฝ๏ฟฝ/Program/NursingTraining-backend/src/main/java/org/example/nursingtrainingbackend/modules/course/service/impl/CourseCreateServiceImpl.java:[562,16] ๏ฟฝวท๏ฟฝ๏ฟฝฤฑ๏ฟฝ๏ฟฝสฝ๏ฟฝ๏ฟฝสผ
[ERROR] /C:/Users/33328/Desktop/สตัต๏ฟฝ๏ฟฝ๏ฟฝ๏ฟฝ/24๏ฟฝ๏ฟฝสตัตาช๏ฟฝ๏ฟฝ/Program/NursingTraining-backend/src/main/java/org/example/nursingtrainingbackend/modules/course/service/impl/CourseCreateServiceImpl.java:[562,23] ๏ฟฝ๏ฟฝ๏ฟฝ๏ฟฝ๏ฟฝ๏ฟฝ๏ฟฝ
[ERROR] /C:/Users/33328/Desktop/สตัต๏ฟฝ๏ฟฝ๏ฟฝ๏ฟฝ/24๏ฟฝ๏ฟฝสตัตาช๏ฟฝ๏ฟฝ/Program/NursingTraining-backend/src/main/java/org/example/nursingtrainingbackend/modules/course/service/impl/CourseCreateServiceImpl.java:[562,31] ๏ฟฝ๏ฟฝาช';'
[ERROR] /C:/Users/33328/Desktop/สตัต๏ฟฝ๏ฟฝ๏ฟฝ๏ฟฝ/24๏ฟฝ๏ฟฝสตัตาช๏ฟฝ๏ฟฝ/Program/NursingTraining-backend/src/main/java/org/example/nursingtrainingbackend/modules/course/service/impl/CourseCreateServiceImpl.java:[563,13] ๏ฟฝ๏ฟฝ๏ฟฝ๏ฟฝ๏ฟฝ๏ฟฝcase
[ERROR] /C:/Users/33328/Desktop/สตัต๏ฟฝ๏ฟฝ๏ฟฝ๏ฟฝ/24๏ฟฝ๏ฟฝสตัตาช๏ฟฝ๏ฟฝ/Program/NursingTraining-backend/src/main/java/org/example/nursingtrainingbackend/modules/course/service/impl/CourseCreateServiceImpl.java:[563,19] ๏ฟฝ๏ฟฝาช:
[ERROR] /C:/Users/33328/Desktop/สตัต๏ฟฝ๏ฟฝ๏ฟฝ๏ฟฝ/24๏ฟฝ๏ฟฝสตัตาช๏ฟฝ๏ฟฝ/Program/NursingTraining-backend/src/main/java/org/example/nursingtrainingbackend/modules/course/service/impl/CourseCreateServiceImpl.java:[563,20] ๏ฟฝวท๏ฟฝ๏ฟฝฤฑ๏ฟฝ๏ฟฝสฝ๏ฟฝ๏ฟฝสผ
[ERROR] /C:/Users/33328/Desktop/สตัต๏ฟฝ๏ฟฝ๏ฟฝ๏ฟฝ/24๏ฟฝ๏ฟฝสตัตาช๏ฟฝ๏ฟฝ/Program/NursingTraining-backend/src/main/java/org/example/nursingtrainingbackend/modules/course/service/impl/CourseCreateServiceImpl.java:[563,22] ๏ฟฝ๏ฟฝาช';'
[ERROR] /C:/Users/33328/Desktop/สตัต๏ฟฝ๏ฟฝ๏ฟฝ๏ฟฝ/24๏ฟฝ๏ฟฝสตัตาช๏ฟฝ๏ฟฝ/Program/NursingTraining-backend/src/main/java/org/example/nursingtrainingbackend/modules/course/service/impl/CourseCreateServiceImpl.java:[564,19] ๏ฟฝ๏ฟฝาช:
[ERROR] /C:/Users/33328/Desktop/สตัต๏ฟฝ๏ฟฝ๏ฟฝ๏ฟฝ/24๏ฟฝ๏ฟฝสตัตาช๏ฟฝ๏ฟฝ/Program/NursingTraining-backend/src/main/java/org/example/nursingtrainingbackend/modules/course/service/impl/CourseCreateServiceImpl.java:[564,20] ๏ฟฝวท๏ฟฝ๏ฟฝฤฑ๏ฟฝ๏ฟฝสฝ๏ฟฝ๏ฟฝสผ
[ERROR] /C:/Users/33328/Desktop/สตัต๏ฟฝ๏ฟฝ๏ฟฝ๏ฟฝ/24๏ฟฝ๏ฟฝสตัตาช๏ฟฝ๏ฟฝ/Program/NursingTraining-backend/src/main/java/org/example/nursingtrainingbackend/modules/course/service/impl/CourseCreateServiceImpl.java:[564,22] ๏ฟฝ๏ฟฝาช';'
[ERROR] /C:/Users/33328/Desktop/สตัต๏ฟฝ๏ฟฝ๏ฟฝ๏ฟฝ/24๏ฟฝ๏ฟฝสตัตาช๏ฟฝ๏ฟฝ/Program/NursingTraining-backend/src/main/java/org/example/nursingtrainingbackend/modules/course/service/impl/CourseCreateServiceImpl.java:[565,19] ๏ฟฝ๏ฟฝาช:
[ERROR] /C:/Users/33328/Desktop/สตัต๏ฟฝ๏ฟฝ๏ฟฝ๏ฟฝ/24๏ฟฝ๏ฟฝสตัตาช๏ฟฝ๏ฟฝ/Program/NursingTraining-backend/src/main/java/org/example/nursingtrainingbackend/modules/course/service/impl/CourseCreateServiceImpl.java:[565,20] ๏ฟฝวท๏ฟฝ๏ฟฝฤฑ๏ฟฝ๏ฟฝสฝ๏ฟฝ๏ฟฝสผ
[ERROR] /C:/Users/33328/Desktop/สตัต๏ฟฝ๏ฟฝ๏ฟฝ๏ฟฝ/24๏ฟฝ๏ฟฝสตัตาช๏ฟฝ๏ฟฝ/Program/NursingTraining-backend/src/main/java/org/example/nursingtrainingbackend/modules/course/service/impl/CourseCreateServiceImpl.java:[565,22] ๏ฟฝ๏ฟฝาช';'
[ERROR] /C:/Users/33328/Desktop/สตัต๏ฟฝ๏ฟฝ๏ฟฝ๏ฟฝ/24๏ฟฝ๏ฟฝสตัตาช๏ฟฝ๏ฟฝ/Program/NursingTraining-backend/src/main/java/org/example/nursingtrainingbackend/modules/course/service/impl/CourseCreateServiceImpl.java:[566,20] ๏ฟฝ๏ฟฝาช:
[ERROR] /C:/Users/33328/Desktop/สตัต๏ฟฝ๏ฟฝ๏ฟฝ๏ฟฝ/24๏ฟฝ๏ฟฝสตัตาช๏ฟฝ๏ฟฝ/Program/NursingTraining-backend/src/main/java/org/example/nursingtrainingbackend/modules/course/service/impl/CourseCreateServiceImpl.java:[566,21] ๏ฟฝวท๏ฟฝ๏ฟฝฤฑ๏ฟฝ๏ฟฝสฝ๏ฟฝ๏ฟฝสผ
[ERROR] /C:/Users/33328/Desktop/สตัต๏ฟฝ๏ฟฝ๏ฟฝ๏ฟฝ/24๏ฟฝ๏ฟฝสตัตาช๏ฟฝ๏ฟฝ/Program/NursingTraining-backend/src/main/java/org/example/nursingtrainingbackend/modules/course/service/impl/CourseCreateServiceImpl.java:[566,23] ๏ฟฝ๏ฟฝาช';'
[ERROR] /C:/Users/33328/Desktop/สตัต๏ฟฝ๏ฟฝ๏ฟฝ๏ฟฝ/24๏ฟฝ๏ฟฝสตัตาช๏ฟฝ๏ฟฝ/Program/NursingTraining-backend/src/main/java/org/example/nursingtrainingbackend/modules/course/service/impl/CourseCreateServiceImpl.java:[572,16] ๏ฟฝวท๏ฟฝ๏ฟฝฤฑ๏ฟฝ๏ฟฝสฝ๏ฟฝ๏ฟฝสผ
[ERROR] /C:/Users/33328/Desktop/สตัต๏ฟฝ๏ฟฝ๏ฟฝ๏ฟฝ/24๏ฟฝ๏ฟฝสตัตาช๏ฟฝ๏ฟฝ/Program/NursingTraining-backend/src/main/java/org/example/nursingtrainingbackend/modules/course/service/impl/CourseCreateServiceImpl.java:[572,23] ๏ฟฝ๏ฟฝ๏ฟฝ๏ฟฝ๏ฟฝ๏ฟฝ๏ฟฝ
[ERROR] /C:/Users/33328/Desktop/สตัต๏ฟฝ๏ฟฝ๏ฟฝ๏ฟฝ/24๏ฟฝ๏ฟฝสตัตาช๏ฟฝ๏ฟฝ/Program/NursingTraining-backend/src/main/java/org/example/nursingtrainingbackend/modules/course/service/impl/CourseCreateServiceImpl.java:[572,29] ๏ฟฝ๏ฟฝาช';'
[ERROR] /C:/Users/33328/Desktop/สตัต๏ฟฝ๏ฟฝ๏ฟฝ๏ฟฝ/24๏ฟฝ๏ฟฝสตัตาช๏ฟฝ๏ฟฝ/Program/NursingTraining-backend/src/main/java/org/example/nursingtrainingbackend/modules/course/service/impl/CourseCreateServiceImpl.java:[573,13] ๏ฟฝ๏ฟฝ๏ฟฝ๏ฟฝ๏ฟฝ๏ฟฝcase
[ERROR] /C:/Users/33328/Desktop/สตัต๏ฟฝ๏ฟฝ๏ฟฝ๏ฟฝ/24๏ฟฝ๏ฟฝสตัตาช๏ฟฝ๏ฟฝ/Program/NursingTraining-backend/src/main/java/org/example/nursingtrainingbackend/modules/course/service/impl/CourseCreateServiceImpl.java:[573,19] ๏ฟฝ๏ฟฝาช:
[ERROR] /C:/Users/33328/Desktop/สตัต๏ฟฝ๏ฟฝ๏ฟฝ๏ฟฝ/24๏ฟฝ๏ฟฝสตัตาช๏ฟฝ๏ฟฝ/Program/NursingTraining-backend/src/main/java/org/example/nursingtrainingbackend/modules/course/service/impl/CourseCreateServiceImpl.java:[573,20] ๏ฟฝวท๏ฟฝ๏ฟฝฤฑ๏ฟฝ๏ฟฝสฝ๏ฟฝ๏ฟฝสผ
[ERROR] /C:/Users/33328/Desktop/สตัต๏ฟฝ๏ฟฝ๏ฟฝ๏ฟฝ/24๏ฟฝ๏ฟฝสตัตาช๏ฟฝ๏ฟฝ/Program/NursingTraining-backend/src/main/java/org/example/nursingtrainingbackend/modules/course/service/impl/CourseCreateServiceImpl.java:[573,22] ๏ฟฝ๏ฟฝาช';'
[ERROR] /C:/Users/33328/Desktop/สตัต๏ฟฝ๏ฟฝ๏ฟฝ๏ฟฝ/24๏ฟฝ๏ฟฝสตัตาช๏ฟฝ๏ฟฝ/Program/NursingTraining-backend/src/main/java/org/example/nursingtrainingbackend/modules/course/service/impl/CourseCreateServiceImpl.java:[574,20] ๏ฟฝ๏ฟฝาช:
[ERROR] /C:/Users/33328/Desktop/สตัต๏ฟฝ๏ฟฝ๏ฟฝ๏ฟฝ/24๏ฟฝ๏ฟฝสตัตาช๏ฟฝ๏ฟฝ/Program/NursingTraining-backend/src/main/java/org/example/nursingtrainingbackend/modules/course/service/impl/CourseCreateServiceImpl.java:[574,21] ๏ฟฝวท๏ฟฝ๏ฟฝฤฑ๏ฟฝ๏ฟฝสฝ๏ฟฝ๏ฟฝสผ
[ERROR] /C:/Users/33328/Desktop/สตัต๏ฟฝ๏ฟฝ๏ฟฝ๏ฟฝ/24๏ฟฝ๏ฟฝสตัตาช๏ฟฝ๏ฟฝ/Program/NursingTraining-backend/src/main/java/org/example/nursingtrainingbackend/modules/course/service/impl/CourseCreateServiceImpl.java:[574,23] ๏ฟฝ๏ฟฝาช';'
[ERROR] /C:/Users/33328/Desktop/สตัต๏ฟฝ๏ฟฝ๏ฟฝ๏ฟฝ/24๏ฟฝ๏ฟฝสตัตาช๏ฟฝ๏ฟฝ/Program/NursingTraining-backend/src/main/java/org/example/nursingtrainingbackend/modules/course/service/impl/CourseManagementServiceImpl.java:[116,26] ๏ฟฝวท๏ฟฝ๏ฟฝฤฑ๏ฟฝ๏ฟฝสฝ๏ฟฝ๏ฟฝสผ
[ERROR] /C:/Users/33328/Desktop/สตัต๏ฟฝ๏ฟฝ๏ฟฝ๏ฟฝ/24๏ฟฝ๏ฟฝสตัตาช๏ฟฝ๏ฟฝ/Program/NursingTraining-backend/src/main/java/org/example/nursingtrainingbackend/modules/course/service/impl/CourseManagementServiceImpl.java:[116,33] ๏ฟฝ๏ฟฝ๏ฟฝ๏ฟฝ๏ฟฝ๏ฟฝ๏ฟฝ
[ERROR] /C:/Users/33328/Desktop/สตัต๏ฟฝ๏ฟฝ๏ฟฝ๏ฟฝ/24๏ฟฝ๏ฟฝสตัตาช๏ฟฝ๏ฟฝ/Program/NursingTraining-backend/src/main/java/org/example/nursingtrainingbackend/modules/course/service/impl/CourseManagementServiceImpl.java:[116,50] ๏ฟฝ๏ฟฝาช';'
[ERROR] /C:/Users/33328/Desktop/สตัต๏ฟฝ๏ฟฝ๏ฟฝ๏ฟฝ/24๏ฟฝ๏ฟฝสตัตาช๏ฟฝ๏ฟฝ/Program/NursingTraining-backend/src/main/java/org/example/nursingtrainingbackend/modules/course/service/impl/CourseManagementServiceImpl.java:[117,17] ๏ฟฝ๏ฟฝ๏ฟฝ๏ฟฝ๏ฟฝ๏ฟฝcase
[ERROR] /C:/Users/33328/Desktop/สตัต๏ฟฝ๏ฟฝ๏ฟฝ๏ฟฝ/24๏ฟฝ๏ฟฝสตัตาช๏ฟฝ๏ฟฝ/Program/NursingTraining-backend/src/main/java/org/example/nursingtrainingbackend/modules/course/service/impl/CourseManagementServiceImpl.java:[117,29] ๏ฟฝ๏ฟฝาช:
[ERROR] /C:/Users/33328/Desktop/สตัต๏ฟฝ๏ฟฝ๏ฟฝ๏ฟฝ/24๏ฟฝ๏ฟฝสตัตาช๏ฟฝ๏ฟฝ/Program/NursingTraining-backend/src/main/java/org/example/nursingtrainingbackend/modules/course/service/impl/CourseManagementServiceImpl.java:[117,30] ๏ฟฝวท๏ฟฝ๏ฟฝฤฑ๏ฟฝ๏ฟฝสฝ๏ฟฝ๏ฟฝสผ
[ERROR] /C:/Users/33328/Desktop/สตัต๏ฟฝ๏ฟฝ๏ฟฝ๏ฟฝ/24๏ฟฝ๏ฟฝสตัตาช๏ฟฝ๏ฟฝ/Program/NursingTraining-backend/src/main/java/org/example/nursingtrainingbackend/modules/course/service/impl/CourseManagementServiceImpl.java:[117,32] ๏ฟฝ๏ฟฝาช';'
[ERROR] /C:/Users/33328/Desktop/สตัต๏ฟฝ๏ฟฝ๏ฟฝ๏ฟฝ/24๏ฟฝ๏ฟฝสตัตาช๏ฟฝ๏ฟฝ/Program/NursingTraining-backend/src/main/java/org/example/nursingtrainingbackend/modules/course/service/impl/CourseManagementServiceImpl.java:[118,33] ๏ฟฝ๏ฟฝาช:
[ERROR] -> [Help 1]
[ERROR] 
[ERROR] To see the full stack trace of the errors, re-run Maven with the -e switch.
[ERROR] Re-run Maven using the -X switch to enable full debug logging.
[ERROR] 
[ERROR] For more information about the errors and possible solutions, please read the following articles:
[ERROR] [Help 1] http://cwiki.apache.org/confluence/display/MAVEN/MojoFailureException
