[INFO] Scanning for projects...
[INFO] 
[INFO] ----------------< org.example:NursingTraining-backend >-----------------
[INFO] Building NursingTraining-backend 0.0.1-SNAPSHOT
[INFO]   from pom.xml
[INFO] --------------------------------[ jar ]---------------------------------
[INFO] 
[INFO] >>> spring-boot:4.1.0:run (default-cli) > test-compile @ NursingTraining-backend >>>
[INFO] 
[INFO] --- resources:3.5.0:resources (default-resources) @ NursingTraining-backend ---
[INFO] Copying 1 resource from src\main\resources to target\classes
[INFO] Copying 5 resources from src\main\resources to target\classes
[INFO] 
[INFO] --- compiler:3.15.0:compile (default-compile) @ NursingTraining-backend ---
[INFO] Recompiling the module because of changed source code.
[INFO] Compiling 243 source files with javac [debug parameters release 21] to target\classes
[INFO] /C:/Users/33328/Desktop/实训集合/24级实训要求/Program/NursingTraining-backend/src/main/java/org/example/nursingtrainingbackend/common/result/ErrorCode.java: 某些输入文件使用或覆盖了已过时的 API。
[INFO] /C:/Users/33328/Desktop/实训集合/24级实训要求/Program/NursingTraining-backend/src/main/java/org/example/nursingtrainingbackend/common/result/ErrorCode.java: 有关详细信息, 请使用 -Xlint:deprecation 重新编译。
[INFO] 
[INFO] --- resources:3.5.0:testResources (default-testResources) @ NursingTraining-backend ---
[INFO] Copying 2 resources from src\test\resources to target\test-classes
[INFO] 
[INFO] --- compiler:3.15.0:testCompile (default-testCompile) @ NursingTraining-backend ---
[INFO] Recompiling the module because of changed dependency.
[INFO] Compiling 4 source files with javac [debug parameters release 21] to target\test-classes
[INFO] 
[INFO] <<< spring-boot:4.1.0:run (default-cli) < test-compile @ NursingTraining-backend <<<
[INFO] 
[INFO] 
[INFO] --- spring-boot:4.1.0:run (default-cli) @ NursingTraining-backend ---
[INFO] Attaching agents: []

  .   ____          _            __ _ _
 /\\ / ___'_ __ _ _(_)_ __  __ _ \ \ \ \
( ( )\___ | '_ | '_| | '_ \/ _` | \ \ \ \
 \\/  ___)| |_)| | | | | || (_| |  ) ) ) )
  '  |____| .__|_| |_|_| |_\__, | / / / /
 =========|_|==============|___/=/_/_/_/

 :: Spring Boot ::                (v4.1.0)

2026-07-13T10:37:25.271+08:00  INFO 36012 --- [nursing-training-backend] [  restartedMain] o.e.n.NursingTrainingBackendApplication  : Starting NursingTrainingBackendApplication using Java 21.0.11 with PID 36012 (C:\Users\33328\Desktop\瀹炶闆嗗悎\24绾у疄璁姹俓Program\NursingTraining-backend\target\classes started by 33328 in C:\Users\33328\Desktop\瀹炶闆嗗悎\24绾у疄璁姹俓Program\NursingTraining-backend)
2026-07-13T10:37:25.273+08:00  INFO 36012 --- [nursing-training-backend] [  restartedMain] o.e.n.NursingTrainingBackendApplication  : No active profile set, falling back to 1 default profile: "default"
2026-07-13T10:37:25.330+08:00  INFO 36012 --- [nursing-training-backend] [  restartedMain] o.s.b.devtools.restart.ChangeableUrls    : The Class-Path manifest attribute in C:\Users\33328\.m2\repository\com\sun\xml\bind\jaxb-core\4.0.9\jaxb-core-4.0.9.jar referenced one or more files that do not exist: file:/C:/Users/33328/.m2/repository/com/sun/xml/bind/jaxb-core/4.0.9/jakarta.activation-api.jar,file:/C:/Users/33328/.m2/repository/com/sun/xml/bind/jaxb-core/4.0.9/jakarta.xml.bind-api.jar
2026-07-13T10:37:25.331+08:00  INFO 36012 --- [nursing-training-backend] [  restartedMain] o.s.b.devtools.restart.ChangeableUrls    : The Class-Path manifest attribute in C:\Users\33328\.m2\repository\com\sun\xml\bind\jaxb-impl\4.0.9\jaxb-impl-4.0.9.jar referenced one or more files that do not exist: file:/C:/Users/33328/.m2/repository/com/sun/xml/bind/jaxb-impl/4.0.9/jaxb-core.jar,file:/C:/Users/33328/.m2/repository/com/sun/xml/bind/jaxb-impl/4.0.9/angus-activation.jar
2026-07-13T10:37:25.331+08:00  INFO 36012 --- [nursing-training-backend] [  restartedMain] .e.DevToolsPropertyDefaultsPostProcessor : Devtools property defaults active! Set 'spring.devtools.add-properties' to 'false' to disable
2026-07-13T10:37:25.331+08:00  INFO 36012 --- [nursing-training-backend] [  restartedMain] .e.DevToolsPropertyDefaultsPostProcessor : For additional web related logging consider setting the 'logging.level.web' property to 'DEBUG'
2026-07-13T10:37:26.403+08:00  INFO 36012 --- [nursing-training-backend] [  restartedMain] .s.d.r.c.RepositoryConfigurationDelegate : Multiple Spring Data modules found, entering strict repository configuration mode
2026-07-13T10:37:26.406+08:00  INFO 36012 --- [nursing-training-backend] [  restartedMain] .s.d.r.c.RepositoryConfigurationDelegate : Bootstrapping Spring Data Redis repositories in DEFAULT mode.
2026-07-13T10:37:26.603+08:00  INFO 36012 --- [nursing-training-backend] [  restartedMain] .s.d.r.c.RepositoryConfigurationDelegate : Finished Spring Data repository scanning in 180 ms. Found 0 Redis repository interfaces.
2026-07-13T10:37:28.232+08:00  INFO 36012 --- [nursing-training-backend] [  restartedMain] o.s.boot.tomcat.TomcatWebServer          : Tomcat initialized with port 8080 (http)
2026-07-13T10:37:28.263+08:00  INFO 36012 --- [nursing-training-backend] [  restartedMain] o.apache.catalina.core.StandardService   : Starting service [Tomcat]
2026-07-13T10:37:28.263+08:00  INFO 36012 --- [nursing-training-backend] [  restartedMain] o.apache.catalina.core.StandardEngine    : Starting Servlet engine: [Apache Tomcat/11.0.22]
2026-07-13T10:37:28.542+08:00  INFO 36012 --- [nursing-training-backend] [  restartedMain] b.w.c.s.WebApplicationContextInitializer : Root WebApplicationContext: initialization completed in 3210 ms
 _ _   |_  _ _|_. ___ _ |    _ 
| | |\/|_)(_| | |_\  |_)||_|_\ 
     /               |         
                        3.5.16 
=== OSS 配置加载完成 ===
endpoint:oss-cn-beijing.aliyuncs.com
bucketName:shared-doc-backend
2026-07-13T10:37:34.268+08:00  WARN 36012 --- [nursing-training-backend] [  restartedMain] .s.a.UserDetailsServiceAutoConfiguration : 

Using generated security password: a0f07a62-3689-4766-8c6c-e1fa4792b239

This generated password is for development use only. Your security configuration must be updated before running your application in production.

2026-07-13T10:37:34.293+08:00  INFO 36012 --- [nursing-training-backend] [  restartedMain] r$InitializeUserDetailsManagerConfigurer : Global AuthenticationManager configured with UserDetailsService bean with name inMemoryUserDetailsManager
2026-07-13T10:37:35.184+08:00  INFO 36012 --- [nursing-training-backend] [  restartedMain] m.e.s.MybatisPlusApplicationContextAware : Register ApplicationContext instances org.springframework.boot.web.server.servlet.context.AnnotationConfigServletWebServerApplicationContext@244c1e94
2026-07-13T10:37:36.848+08:00  INFO 36012 --- [nursing-training-backend] [  restartedMain] o.s.boot.tomcat.TomcatWebServer          : Tomcat started on port 8080 (http) with context path '/'
2026-07-13T10:37:36.874+08:00  INFO 36012 --- [nursing-training-backend] [  restartedMain] o.e.n.NursingTrainingBackendApplication  : Started NursingTrainingBackendApplication in 12.005 seconds (process running for 12.813)
